0 17 18.0 18.0 18.75 21
100 17 17.25 18.0 18.0 21
200 17 18.0 18.0 18.75 19
300 18 18.0 18.0 18.75 19
400 18 18.0 18.0 19.0 20
500 18 18.0 19.0 19.0 21
600 17 19.0 19.0 19.0 20
700 17 19.0 19.0 19.0 20
800 17 19.0 19.0 19.0 20
900 17 19.0 19.0 19.0 20
1000 18 19.0 19.0 19.0 20
1100 18 19.0 19.0 19.0 20
1200 18 19.0 19.0 19.0 20
1300 19 19.0 19.0 20.0 20
1400 19 19.0 19.5 20.0 21
1500 19 19.0 19.0 20.0 21
1600 18 19.0 19.5 20.0 21
1700 19 19.0 19.5 20.0 21
1800 19 19.25 20.0 20.0 20
1900 18 19.0 20.0 20.0 21
2000 18 20.0 20.0 20.0 21
2100 18 19.25 20.0 20.0 21
2200 19 20.0 20.0 20.0 21
2300 19 20.0 20.0 21.0 21
2400 19 19.25 20.0 20.75 22
2500 19 20.0 20.0 20.75 22
2600 19 20.0 20.0 20.75 22
2700 20 20.0 20.5 21.0 22
2800 19 20.0 20.0 20.75 22
2900 19 20.0 20.0 20.75 22
3000 19 20.0 20.0 21.0 22
3100 19 20.0 20.0 20.75 22
3200 19 20.0 20.0 20.75 22
3300 19 20.0 20.0 20.75 22
3400 19 20.0 20.0 20.75 22
3500 19 20.0 20.0 20.75 23
3600 19 20.0 20.0 21.0 23
3700 19 20.0 20.0 20.0 23
3800 20 20.0 20.0 20.0 23
3900 19 20.0 20.0 21.0 22
4000 19 20.0 20.5 21.0 22
4100 20 20.0 20.5 21.0 22
4200 20 20.0 20.5 21.0 22
4300 20 20.0 20.5 21.75 22
4400 20 20.0 20.5 21.75 22
4500 20 20.0 20.5 21.75 23
4600 20 20.0 20.0 21.75 22
4700 20 20.0 20.5 22.0 23
4800 19 20.0 21.0 21.75 23
4900 19 20.0 20.5 21.75 23
5000 19 20.25 21.0 22.0 23
5100 19 20.0 21.0 22.0 23
5200 19 20.25 21.5 22.0 23
5300 19 21.0 21.5 22.0 23
5400 19 20.25 21.5 22.0 23
5500 19 20.25 21.5 22.0 23
5600 19 20.0 20.5 22.0 23
5700 19 20.25 22.0 22.0 23
5800 19 20.25 21.0 22.0 23
5900 19 20.25 21.5 22.0 23
6000 20 20.0 21.5 22.0 23
6100 20 20.0 21.5 23.0 23
6200 19 20.25 21.5 22.0 23
6300 19 20.0 21.0 22.0 23
6400 19 20.0 22.0 22.75 23
6500 19 21.0 22.0 22.75 23
6600 19 20.25 21.5 22.75 25
6700 20 21.0 22.0 22.75 23
6800 20 21.0 22.0 22.75 23
6900 20 21.0 21.5 22.75 24
7000 20 21.0 21.5 22.75 24
7100 20 21.0 21.5 23.0 24
7200 20 21.0 21.5 23.0 24
7300 20 21.0 22.0 22.75 23
7400 20 21.0 21.5 22.75 23
7500 20 20.25 21.5 22.0 23
7600 20 21.0 21.5 22.0 23
7700 20 21.0 21.5 22.0 23
7800 20 21.0 21.5 22.0 23
7900 20 21.0 21.5 22.0 23
8000 20 21.0 22.0 23.0 23
8100 20 21.0 21.5 22.0 23
8200 20 21.25 22.0 22.75 23
8300 20 21.25 22.0 22.75 23
8400 20 21.25 22.0 22.75 23
8500 20 20.5 22.0 22.75 23
8600 20 21.25 22.0 23.0 23
8700 20 21.25 22.0 22.75 23
8800 20 20.5 22.0 22.75 23
8900 20 21.0 22.0 22.75 23
9000 21 21.0 22.0 22.75 23
9100 21 21.0 22.0 22.75 23
9200 20 21.0 22.0 22.75 23
9300 20 21.25 22.0 22.75 23
9400 20 21.25 22.0 22.75 23
9500 20 21.0 22.0 23.0 23
9600 20 21.25 22.0 22.0 23
9700 20 21.25 22.0 22.75 24
9800 21 22.0 22.0 22.75 23
9900 21 22.0 22.0 22.0 23
