0 17 18.0 18.0 18.75 21
100 17 18.0 18.0 18.0 21
200 17 18.0 18.0 18.0 21
300 17 18.0 18.0 18.0 21
400 17 18.0 18.0 18.0 21
500 16 18.0 18.0 18.0 21
600 16 18.0 18.0 18.75 21
700 16 18.0 18.0 18.75 21
800 17 18.0 18.0 19.0 21
900 18 18.25 19.0 19.75 21
1000 18 18.25 19.0 19.0 21
1100 18 19.0 19.0 19.0 21
1200 18 19.0 19.0 19.75 21
1300 18 18.25 19.0 19.75 21
1400 18 19.0 19.5 20.0 23
1500 18 19.0 19.0 20.0 23
1600 18 19.0 19.0 20.0 23
1700 18 19.0 19.0 20.0 23
1800 18 19.0 19.0 20.0 23
1900 18 19.0 19.0 20.75 23
2000 18 19.0 19.0 20.0 23
2100 18 19.0 19.5 20.0 23
2200 18 19.0 19.5 20.0 23
2300 18 19.0 19.5 20.0 23
2400 18 19.0 20.0 20.0 23
2500 18 19.0 20.0 20.0 23
2600 18 19.0 20.0 20.0 23
2700 18 18.25 20.0 20.0 23
2800 18 19.0 20.0 20.0 23
2900 19 19.0 20.0 20.0 23
3000 18 19.25 20.0 20.75 23
3100 18 19.25 20.0 20.75 23
3200 18 19.25 20.0 20.0 23
3300 19 20.0 20.0 20.75 23
3400 19 19.25 20.0 20.75 23
3500 19 19.25 20.0 21.0 23
3600 19 19.25 20.0 20.75 23
3700 19 19.25 20.0 20.75 23
3800 19 19.0 20.0 21.0 23
3900 19 19.0 20.0 21.0 23
4000 18 19.0 20.0 20.75 23
4100 18 19.25 20.0 20.75 23
4200 18 20.0 20.0 20.75 23
4300 18 20.0 20.0 20.75 24
4400 18 20.0 20.0 20.75 24
4500 18 19.25 20.0 20.75 24
4600 18 19.0 20.0 20.75 24
4700 18 19.25 20.0 20.75 24
4800 18 19.0 20.0 21.0 24
4900 19 19.25 20.0 21.0 24
5000 18 19.25 20.0 21.0 24
5100 18 19.25 20.0 21.0 24
5200 18 19.25 20.0 20.75 24
5300 19 20.0 20.0 21.75 24
5400 18 20.0 20.0 21.75 24
5500 18 20.0 20.5 21.75 24
5600 18 20.0 20.5 21.0 24
5700 18 20.0 20.5 21.0 24
5800 18 20.0 20.5 21.0 24
5900 18 20.25 21.0 21.0 24
6000 18 20.25 21.0 21.0 24
6100 19 20.0 20.5 21.0 24
6200 19 20.0 20.5 21.0 24
6300 19 20.0 20.5 21.0 23
6400 19 20.0 20.5 21.0 23
6500 19 20.0 20.5 21.0 23
6600 19 20.0 21.0 21.0 23
6700 19 20.0 20.5 21.0 23
6800 19 20.0 20.5 21.0 23
6900 20 20.0 20.0 21.0 23
7000 19 20.0 21.0 21.0 23
7100 19 20.0 20.5 21.0 23
7200 19 20.0 20.5 21.0 23
7300 19 20.0 20.5 21.0 23
7400 19 20.0 20.5 21.0 23
7500 19 20.0 20.0 21.0 23
7600 19 20.0 20.0 21.0 23
7700 19 20.0 20.0 21.0 23
7800 19 20.0 20.0 21.0 23
7900 19 20.0 20.0 21.0 23
8000 19 20.0 20.5 21.0 24
8100 19 20.0 20.5 21.0 24
8200 20 20.0 21.0 21.0 24
8300 19 20.0 20.5 21.0 23
8400 19 20.0 20.5 21.0 23
8500 19 20.0 20.5 21.0 23
8600 19 20.0 20.5 21.0 23
8700 19 20.0 20.5 21.0 23
8800 19 20.0 20.5 21.0 23
8900 19 20.0 20.5 21.0 23
9000 19 20.0 21.0 21.0 23
9100 19 20.25 21.0 21.75 23
9200 20 21.0 21.0 21.75 23
9300 19 21.0 21.0 21.0 23
9400 19 21.0 21.0 21.0 23
9500 20 21.0 21.0 21.75 23
9600 19 21.0 21.0 21.75 23
9700 19 21.0 21.0 21.75 23
9800 19 21.0 21.0 21.75 23
9900 19 20.25 21.0 21.0 23
