0 17 18.0 18.0 18.75 21
100 18 18.25 19.0 19.0 21
200 17 18.0 19.0 19.75 22
300 18 19.0 20.0 20.75 22
400 19 19.25 20.0 20.75 22
500 19 19.0 20.0 20.75 22
600 19 20.0 20.0 20.75 22
700 19 20.0 20.0 20.75 22
800 19 20.0 20.5 21.0 22
900 19 20.0 20.5 21.0 23
1000 19 20.25 21.0 21.0 23
1100 19 20.25 21.5 22.0 24
1200 20 21.0 22.0 22.75 24
1300 20 21.25 22.0 23.0 24
1400 20 21.0 22.0 22.0 24
1500 21 21.25 22.0 22.75 24
1600 21 22.0 22.5 23.0 24
1700 21 22.0 23.0 23.0 24
1800 21 22.0 23.0 23.0 24
1900 21 22.25 23.0 23.75 24
2000 21 22.25 23.0 23.75 25
2100 21 22.25 23.0 23.75 24
2200 21 23.0 23.0 23.0 24
2300 21 23.0 23.5 24.0 24
2400 21 22.25 23.0 24.0 24
2500 21 22.25 23.0 24.0 24
2600 22 23.0 23.0 24.0 24
2700 22 23.0 23.5 24.0 24
2800 21 23.0 23.5 24.0 24
2900 21 23.0 24.0 24.0 24
3000 21 23.0 23.5 24.0 24
3100 21 23.0 23.5 24.0 25
3200 21 23.0 23.5 24.0 25
3300 21 23.0 23.5 24.0 25
3400 21 23.25 24.0 24.0 24
3500 22 23.25 24.0 24.0 24
3600 21 23.25 24.0 24.0 25
3700 21 23.25 24.0 24.0 25
3800 21 23.25 24.0 24.0 25
3900 21 23.25 24.0 24.0 25
4000 23 23.25 24.0 24.0 25
4100 23 23.25 24.0 24.0 25
4200 23 23.25 24.0 24.0 25
4300 23 23.25 24.0 24.75 25
4400 23 24.0 24.0 25.0 25
4500 23 24.0 24.0 25.0 25
4600 23 24.0 24.0 24.75 25
4700 23 24.0 24.5 25.0 25
4800 23 24.0 24.0 25.0 25
4900 22 24.0 24.5 25.0 25
5000 22 24.0 24.0 25.0 25
5100 23 24.0 24.0 24.75 25
5200 23 24.0 24.0 24.75 25
5300 23 24.0 24.5 25.0 25
5400 23 24.0 24.0 25.0 25
5500 23 24.0 24.5 25.0 25
5600 23 24.0 24.0 25.0 25
5700 23 24.0 24.5 25.0 25
5800 23 24.0 24.5 25.0 25
5900 23 24.0 24.5 25.0 25
6000 23 24.0 24.5 25.0 25
6100 24 24.0 24.5 25.0 25
6200 24 24.0 24.5 25.0 25
6300 24 24.0 24.5 25.0 25
6400 24 24.0 24.0 25.0 25
6500 24 24.0 24.0 25.0 25
6600 24 24.0 24.0 24.75 25
6700 24 24.0 24.5 25.0 25
6800 24 24.0 24.0 25.0 25
6900 24 24.0 24.0 25.0 25
7000 24 24.0 24.0 25.0 25
7100 24 24.0 24.5 25.0 25
7200 24 24.0 24.5 25.0 25
7300 24 24.0 24.5 25.0 25
7400 24 24.0 24.5 25.0 25
7500 23 24.0 24.5 25.0 25
7600 23 24.0 24.5 25.0 25
7700 22 24.0 24.5 25.0 25
7800 22 24.0 24.5 25.0 25
7900 23 24.0 24.5 25.0 25
8000 23 24.0 24.5 25.0 25
8100 23 24.0 24.5 25.0 25
8200 23 24.0 24.5 25.0 25
8300 23 24.0 24.5 25.0 25
8400 23 24.0 24.5 25.0 25
8500 23 24.0 24.5 25.0 25
8600 23 24.0 24.5 25.0 25
8700 23 24.0 24.5 25.0 25
8800 23 24.0 24.5 25.0 25
8900 23 24.0 24.5 25.0 25
9000 23 24.0 24.5 25.0 25
9100 23 24.0 24.5 25.0 25
9200 23 24.0 24.5 25.0 25
9300 23 24.0 24.5 25.0 25
9400 23 24.0 24.5 25.0 25
9500 23 24.0 24.5 25.0 25
9600 23 24.0 24.5 25.0 25
9700 23 24.0 24.5 25.0 25
9800 23 24.0 24.5 25.0 25
9900 23 24.0 24.5 25.0 25
