0 17 18.0 18.0 18.75 21
100 17 18.0 18.5 19.0 21
200 17 18.0 18.5 19.75 20
300 17 18.25 19.0 20.0 22
400 18 18.25 19.0 20.0 20
500 19 19.0 20.0 20.75 21
600 18 19.25 20.0 20.0 22
700 19 19.25 20.0 20.0 22
800 20 20.0 20.0 20.75 22
900 19 20.0 20.0 21.0 23
1000 20 20.0 20.0 20.0 22
1100 20 20.0 20.5 21.0 23
1200 20 20.25 21.0 21.0 22
1300 20 20.25 21.0 21.0 23
1400 20 20.25 21.0 22.0 24
1500 20 21.0 21.5 22.0 24
1600 20 21.0 21.5 22.0 23
1700 20 21.0 21.0 22.0 23
1800 20 21.0 21.5 22.0 23
1900 21 21.0 21.5 22.0 22
2000 20 21.0 22.0 22.0 23
2100 20 21.25 22.0 22.0 23
2200 21 22.0 22.0 23.0 23
2300 21 22.0 22.0 23.0 24
2400 21 21.25 22.5 23.0 23
2500 21 22.0 22.0 23.0 23
2600 20 22.0 22.5 23.0 23
2700 21 22.0 23.0 23.0 23
2800 21 22.0 22.5 23.0 24
2900 21 22.25 23.0 23.0 24
3000 21 23.0 23.0 23.0 24
3100 21 22.0 23.0 23.0 24
3200 21 22.25 23.0 23.0 24
3300 22 23.0 23.0 23.75 24
3400 22 23.0 23.5 24.0 24
3500 22 23.0 24.0 24.75 25
3600 22 24.0 24.0 24.0 25
3700 23 23.0 24.0 24.0 25
3800 23 23.0 24.0 24.0 25
3900 23 23.0 23.5 24.0 25
4000 23 23.0 23.5 24.0 25
4100 22 23.0 24.0 24.0 24
4200 22 24.0 24.0 24.0 25
4300 23 24.0 24.0 24.0 25
4400 23 24.0 24.0 24.0 25
4500 23 23.25 24.0 24.0 25
4600 23 24.0 24.0 24.0 25
4700 23 23.25 24.0 24.0 25
4800 23 23.25 24.0 24.0 24
4900 23 23.25 24.0 24.0 24
5000 23 23.0 24.0 24.0 24
5100 23 23.25 24.0 24.0 25
5200 23 24.0 24.0 24.75 25
5300 23 24.0 24.0 24.0 25
5400 23 24.0 24.0 24.75 25
5500 23 24.0 24.0 24.0 25
5600 23 24.0 24.0 24.0 25
5700 23 24.0 24.0 25.0 25
5800 23 24.0 24.0 25.0 25
5900 23 24.0 24.0 25.0 25
6000 23 24.0 24.0 25.0 25
6100 23 24.0 25.0 25.0 25
6200 23 24.0 25.0 25.0 25
6300 23 24.0 24.5 25.0 25
6400 23 24.0 25.0 25.0 25
6500 23 24.0 24.5 25.0 25
6600 23 24.0 24.5 25.0 25
6700 23 24.0 24.5 25.0 25
6800 23 24.0 24.5 25.0 25
6900 23 24.0 24.5 25.0 25
7000 23 24.0 25.0 25.0 25
7100 23 24.0 24.5 25.0 25
7200 23 24.0 24.5 25.0 25
7300 23 24.0 24.5 25.0 25
7400 23 24.0 25.0 25.0 25
7500 23 24.0 25.0 25.0 25
7600 23 24.0 25.0 25.0 25
7700 23 24.0 25.0 25.0 25
7800 23 24.0 25.0 25.0 25
7900 23 24.0 24.5 25.0 25
8000 23 24.0 24.5 25.0 25
8100 23 24.0 24.5 25.0 25
8200 23 24.0 24.5 25.0 25
8300 23 24.0 24.5 25.0 25
8400 23 24.0 24.5 25.0 25
8500 23 24.0 24.5 25.0 25
8600 23 24.0 24.5 25.0 25
8700 23 24.0 24.5 25.0 25
8800 23 24.0 24.5 25.0 25
8900 23 24.0 24.5 25.0 25
9000 23 24.0 24.5 25.0 25
9100 23 24.0 24.5 25.0 25
9200 23 24.0 24.5 25.0 25
9300 23 24.0 24.5 25.0 25
9400 23 24.0 25.0 25.0 25
9500 23 24.0 25.0 25.0 25
9600 23 24.0 25.0 25.0 25
9700 23 24.0 25.0 25.0 25
9800 23 24.0 25.0 25.0 25
9900 23 24.0 24.5 25.0 25
