0 6 7.0 7.0 7.75 9
100 6 8.0 8.0 8.0 9
200 6 8.0 9.0 9.0 9
300 7 8.0 8.5 9.0 10
400 8 8.25 9.0 10.0 11
500 8 9.0 9.5 10.0 11
600 8 10.0 10.0 10.75 11
700 9 10.0 10.0 11.0 11
800 9 10.0 10.5 11.0 11
900 9 10.0 10.5 11.0 11
1000 10 11.0 11.0 11.0 13
1100 10 11.0 11.0 11.75 12
1200 10 11.0 11.0 11.75 12
1300 11 11.0 11.0 12.0 13
1400 11 11.0 12.0 12.0 12
1500 11 11.25 12.0 12.0 13
1600 11 12.0 12.0 12.0 13
1700 11 12.0 12.0 12.75 13
1800 11 12.0 12.0 12.0 13
1900 11 12.0 12.0 13.0 13
2000 11 12.0 12.5 13.0 13
2100 11 12.0 12.5 13.0 13
2200 12 12.0 12.5 13.0 13
2300 12 12.0 12.5 13.0 13
2400 12 12.0 12.0 13.0 13
2500 12 12.0 12.0 13.0 13
2600 12 12.0 12.0 13.0 13
2700 12 12.0 12.5 13.0 13
2800 12 12.0 13.0 13.0 13
2900 12 12.0 13.0 13.0 13
3000 12 12.25 13.0 13.0 13
3100 12 12.0 12.5 13.0 13
3200 12 12.25 13.0 13.0 13
3300 12 12.25 13.0 13.0 13
3400 12 12.0 13.0 13.0 13
3500 12 12.0 13.0 13.0 13
3600 12 12.0 13.0 13.0 13
3700 12 12.0 13.0 13.0 13
3800 12 12.0 13.0 13.0 13
3900 12 12.0 13.0 13.0 13
4000 12 12.0 13.0 13.0 13
4100 12 12.0 13.0 13.0 13
4200 12 12.0 13.0 13.0 13
4300 12 12.0 13.0 13.0 13
4400 12 12.0 13.0 13.0 13
4500 12 12.0 13.0 13.0 13
4600 12 12.0 13.0 13.0 13
4700 12 12.0 13.0 13.0 13
4800 12 12.0 13.0 13.0 13
4900 12 12.0 13.0 13.0 13
5000 12 12.0 13.0 13.0 13
5100 12 12.0 13.0 13.0 13
5200 12 12.0 13.0 13.0 13
5300 12 12.0 13.0 13.0 13
5400 12 12.0 13.0 13.0 13
5500 12 12.0 13.0 13.0 13
5600 12 12.0 13.0 13.0 13
5700 12 12.0 13.0 13.0 13
5800 12 12.0 13.0 13.0 13
5900 12 12.0 13.0 13.0 13
6000 12 12.0 13.0 13.0 13
6100 12 12.0 13.0 13.0 13
6200 12 12.0 13.0 13.0 13
6300 12 12.0 13.0 13.0 13
6400 12 12.0 13.0 13.0 13
6500 12 12.0 13.0 13.0 13
6600 12 12.0 13.0 13.0 13
6700 12 12.0 13.0 13.0 13
6800 12 12.0 13.0 13.0 13
6900 12 12.0 13.0 13.0 13
7000 12 12.0 13.0 13.0 13
7100 12 12.0 13.0 13.0 13
7200 12 12.0 13.0 13.0 13
7300 12 12.0 13.0 13.0 13
7400 12 12.0 13.0 13.0 13
7500 12 12.0 13.0 13.0 13
7600 12 12.0 13.0 13.0 13
7700 12 12.0 13.0 13.0 13
7800 12 12.0 13.0 13.0 13
7900 12 12.0 13.0 13.0 13
8000 12 12.0 13.0 13.0 13
8100 12 12.0 13.0 13.0 13
8200 12 12.0 13.0 13.0 13
8300 12 12.0 13.0 13.0 13
8400 12 12.0 13.0 13.0 13
8500 12 12.0 13.0 13.0 13
8600 12 12.0 13.0 13.0 13
8700 12 12.0 13.0 13.0 13
8800 12 12.0 13.0 13.0 13
8900 12 12.0 13.0 13.0 13
9000 12 12.0 13.0 13.0 13
9100 12 12.0 13.0 13.0 13
9200 12 12.0 13.0 13.0 13
9300 12 12.0 13.0 13.0 13
9400 12 12.0 13.0 13.0 13
9500 12 12.0 13.0 13.0 13
9600 12 12.0 13.0 13.0 13
9700 12 12.0 13.0 13.0 13
9800 12 12.0 13.0 13.0 13
9900 12 12.0 13.0 13.0 13
