0 6 7.0 7.0 7.75 9
100 6 7.0 7.0 7.0 9
200 7 7.25 8.0 8.75 9
300 7 8.0 8.0 9.0 9
400 8 8.25 9.0 9.0 10
500 8 9.0 9.0 9.75 11
600 8 9.0 9.0 10.0 11
700 8 9.25 10.0 10.0 11
800 9 9.25 10.0 11.0 12
900 8 10.0 10.5 11.0 12
1000 9 10.0 11.0 11.0 12
1100 9 10.25 11.0 11.0 12
1200 9 10.25 11.0 11.75 12
1300 9 10.25 11.0 11.0 12
1400 9 10.25 11.0 11.0 13
1500 9 11.0 11.0 11.0 13
1600 9 11.0 11.5 12.0 13
1700 9 11.25 12.0 12.0 12
1800 9 11.25 12.0 12.0 12
1900 9 11.0 12.0 12.0 13
2000 9 12.0 12.0 12.0 13
2100 9 11.25 12.0 12.0 13
2200 9 12.0 12.0 12.0 13
2300 9 12.0 12.0 12.0 13
2400 9 12.0 12.0 13.0 13
2500 9 12.0 12.0 13.0 13
2600 9 12.0 12.0 13.0 13
2700 9 12.0 12.5 13.0 13
2800 9 12.0 12.5 13.0 13
2900 9 12.0 12.5 13.0 13
3000 9 12.0 12.5 13.0 13
3100 9 12.0 12.5 13.0 13
3200 9 12.0 12.5 13.0 13
3300 9 12.0 12.5 13.0 13
3400 9 12.0 12.5 13.0 13
3500 9 12.0 13.0 13.0 13
3600 9 12.0 13.0 13.0 13
3700 9 12.0 12.5 13.0 13
3800 9 12.0 12.5 13.0 13
3900 9 12.0 12.5 13.0 13
4000 9 12.0 12.5 13.0 13
4100 9 12.0 13.0 13.0 13
4200 9 12.0 13.0 13.0 13
4300 9 12.0 13.0 13.0 13
4400 9 12.0 13.0 13.0 13
4500 9 12.0 13.0 13.0 13
4600 9 12.0 13.0 13.0 13
4700 9 12.0 13.0 13.0 13
4800 9 12.0 13.0 13.0 13
4900 9 12.0 13.0 13.0 13
5000 9 12.0 13.0 13.0 13
5100 9 12.0 13.0 13.0 13
5200 9 12.0 13.0 13.0 13
5300 9 12.0 13.0 13.0 13
5400 9 12.0 13.0 13.0 13
5500 9 12.0 13.0 13.0 13
5600 9 12.0 13.0 13.0 13
5700 9 12.0 13.0 13.0 13
5800 9 12.0 12.5 13.0 13
5900 9 12.0 12.5 13.0 13
6000 9 12.0 12.5 13.0 13
6100 9 12.0 12.5 13.0 13
6200 9 12.0 12.5 13.0 13
6300 9 12.0 12.5 13.0 13
6400 9 12.0 12.5 13.0 13
6500 9 12.0 12.5 13.0 13
6600 9 12.0 12.5 13.0 13
6700 9 12.0 12.5 13.0 13
6800 9 12.0 12.5 13.0 13
6900 9 12.0 12.5 13.0 13
7000 9 12.0 12.5 13.0 13
7100 9 12.0 12.5 13.0 13
7200 9 12.0 12.5 13.0 13
7300 9 12.0 12.5 13.0 13
7400 9 12.0 12.5 13.0 13
7500 9 12.0 12.5 13.0 13
7600 9 12.0 12.5 13.0 13
7700 9 12.0 12.5 13.0 13
7800 9 12.0 12.5 13.0 13
7900 9 12.0 12.5 13.0 13
8000 9 12.0 12.5 13.0 13
8100 9 12.0 12.5 13.0 13
8200 9 12.0 12.5 13.0 13
8300 9 12.0 12.5 13.0 13
8400 9 12.0 12.5 13.0 13
8500 9 12.0 12.5 13.0 13
8600 9 12.0 12.5 13.0 13
8700 9 12.0 12.5 13.0 13
8800 9 12.0 12.5 13.0 13
8900 9 12.0 12.5 13.0 13
9000 9 12.0 12.5 13.0 13
9100 9 12.0 12.5 13.0 13
9200 9 12.0 12.5 13.0 13
9300 9 12.0 12.5 13.0 13
9400 9 12.0 12.5 13.0 13
9500 9 12.0 12.5 13.0 13
9600 9 12.0 12.5 13.0 13
9700 9 12.0 12.5 13.0 13
9800 9 12.0 12.5 13.0 13
9900 9 12.0 12.5 13.0 13
