0 17 18.0 18.0 18.75 21
100 17 18.0 18.0 18.0 21
200 17 18.0 18.0 18.75 19
300 18 18.0 18.5 19.0 19
400 18 18.0 19.0 19.0 21
500 18 18.25 19.0 20.0 21
600 18 19.0 19.5 20.0 21
700 18 19.0 19.0 20.0 21
800 18 19.0 19.0 20.0 20
900 19 19.0 19.0 20.0 20
1000 19 19.0 19.0 20.0 20
1100 19 19.0 19.0 20.0 20
1200 18 19.0 19.0 20.0 20
1300 17 19.0 19.0 19.75 20
1400 18 19.0 19.5 20.0 21
1500 18 18.25 20.0 20.0 21
1600 17 18.25 20.0 20.0 21
1700 18 19.25 20.0 20.0 21
1800 18 19.25 20.0 20.0 21
1900 18 19.0 20.0 20.0 21
2000 18 19.0 20.0 20.0 21
2100 18 20.0 20.0 20.0 21
2200 18 20.0 20.0 20.0 21
2300 17 20.0 20.0 20.75 21
2400 17 20.0 20.0 20.75 21
2500 18 20.0 20.0 20.75 21
2600 17 20.0 20.0 20.0 21
2700 17 20.0 20.0 20.75 21
2800 18 20.0 20.0 20.0 21
2900 18 20.0 20.0 20.75 21
3000 18 20.0 20.0 20.75 22
3100 19 20.0 20.0 20.0 22
3200 18 20.0 20.0 20.75 22
3300 18 20.0 20.0 21.0 22
3400 18 20.0 20.5 21.0 22
3500 18 20.0 21.0 21.0 22
3600 18 20.0 21.0 21.0 22
3700 19 20.0 20.5 21.0 22
3800 19 20.0 20.5 21.0 22
3900 19 20.0 20.0 21.0 22
4000 19 20.0 20.0 21.0 22
4100 19 20.0 20.0 21.0 22
4200 19 20.0 20.5 21.0 22
4300 19 20.25 21.0 21.0 22
4400 20 21.0 21.0 21.0 22
4500 20 20.0 21.0 21.0 22
4600 20 20.0 21.0 21.0 22
4700 20 20.0 21.0 21.0 22
4800 20 20.0 20.5 21.0 23
4900 19 20.0 20.0 21.75 22
5000 19 20.0 20.0 21.75 22
5100 19 20.0 21.0 21.75 22
5200 19 20.0 20.0 21.0 22
5300 19 20.0 20.5 21.75 22
5400 19 20.0 21.0 22.0 22
5500 19 21.0 21.0 21.75 22
5600 20 21.0 21.0 21.0 22
5700 19 20.25 21.0 21.0 22
5800 19 20.25 21.0 21.0 22
5900 19 20.25 21.0 21.75 22
6000 20 21.0 21.0 21.75 22
6100 20 21.0 21.0 21.0 22
6200 20 21.0 21.0 21.0 22
6300 20 21.0 21.0 21.0 22
6400 20 21.0 21.0 21.75 22
6500 20 21.0 21.0 22.0 23
6600 20 21.0 21.0 22.0 23
6700 20 21.0 21.0 21.75 23
6800 20 21.0 21.0 21.75 23
6900 20 21.0 21.0 22.0 23
7000 20 21.0 21.5 22.0 23
7100 20 21.0 21.0 22.0 23
7200 20 21.0 21.0 22.75 23
7300 18 21.0 21.5 22.75 23
7400 18 21.0 21.5 22.0 23
7500 18 21.0 21.5 22.0 23
7600 18 21.0 21.0 22.0 23
7700 18 21.0 21.0 22.0 23
7800 19 20.25 21.0 22.0 23
7900 19 20.25 21.0 22.0 23
8000 19 20.25 21.0 22.0 23
8100 19 20.25 21.0 21.75 23
8200 19 20.25 21.0 21.75 23
8300 20 21.0 21.5 22.0 23
8400 20 21.0 21.5 22.0 23
8500 20 20.25 21.5 22.0 23
8600 20 20.25 21.5 22.0 23
8700 20 20.25 21.5 22.0 23
8800 20 20.25 22.0 22.0 23
8900 20 20.25 21.0 22.0 23
9000 20 20.25 21.0 22.0 23
9100 20 20.25 21.5 22.0 23
9200 20 20.25 21.5 22.0 23
9300 20 21.0 21.5 22.0 23
9400 20 21.0 21.5 22.0 23
9500 20 21.0 21.5 22.0 23
9600 20 21.0 22.0 22.0 23
9700 20 20.25 21.5 22.0 23
9800 20 21.0 21.5 22.0 23
9900 20 20.25 21.0 22.0 23
