0 6 7.0 7.0 7.75 9
100 5 7.0 7.0 7.75 9
200 5 7.0 7.0 8.0 9
300 6 7.0 7.5 8.0 9
400 6 8.0 8.0 9.0 9
500 7 8.0 8.0 8.75 9
600 6 8.0 8.0 9.0 9
700 6 7.25 8.0 9.0 10
800 7 7.25 8.0 9.0 10
900 6 7.25 8.5 9.0 10
1000 7 8.0 8.5 9.0 10
1100 7 8.0 8.0 9.0 10
1200 8 8.0 8.0 9.0 10
1300 8 8.0 8.5 9.0 10
1400 8 8.0 9.0 9.0 10
1500 8 8.0 8.5 9.75 10
1600 8 8.0 9.0 9.75 10
1700 8 8.0 9.0 9.0 10
1800 8 8.25 9.0 9.75 10
1900 8 8.0 9.0 9.75 10
2000 8 8.0 9.0 9.75 10
2100 8 8.0 8.5 9.0 10
2200 8 8.0 9.5 10.0 11
2300 8 9.25 10.0 10.0 10
2400 8 9.25 10.0 10.0 10
2500 8 9.25 10.0 10.0 10
2600 8 9.25 10.0 10.0 10
2700 8 9.25 10.0 10.0 11
2800 8 10.0 10.0 10.0 11
2900 8 9.25 10.0 10.0 11
3000 8 10.0 10.0 10.0 11
3100 8 10.0 10.0 10.0 11
3200 8 10.0 10.0 10.0 11
3300 8 10.0 10.0 10.0 11
3400 8 10.0 10.0 10.0 11
3500 8 10.0 10.0 10.0 11
3600 8 9.25 10.0 10.0 11
3700 9 9.25 10.0 10.0 11
3800 9 9.25 10.0 10.0 10
3900 9 9.25 10.0 10.0 10
4000 8 9.25 10.0 10.0 10
4100 8 10.0 10.0 10.0 10
4200 8 10.0 10.0 10.0 10
4300 9 10.0 10.0 10.0 10
4400 9 10.0 10.0 10.0 10
4500 9 10.0 10.0 10.0 11
4600 9 10.0 10.0 10.0 11
4700 9 10.0 10.0 10.0 11
4800 9 10.0 10.0 10.0 11
4900 9 10.0 10.0 10.0 11
5000 9 9.25 10.0 10.75 11
5100 9 9.25 10.0 10.0 11
5200 9 9.25 10.0 10.0 11
5300 9 10.0 10.0 10.75 11
5400 9 9.25 10.0 10.75 11
5500 9 10.0 10.0 10.75 11
5600 9 10.0 10.0 10.75 11
5700 9 10.0 10.0 11.0 11
5800 9 10.0 10.0 10.75 11
5900 9 10.0 10.0 10.75 11
6000 9 10.0 10.0 10.75 11
6100 9 10.0 10.0 10.75 11
6200 9 10.0 10.0 10.75 11
6300 9 10.0 10.0 10.75 11
6400 9 10.0 10.0 11.0 11
6500 9 10.0 10.5 11.0 11
6600 9 10.0 10.5 11.0 11
6700 9 10.0 10.5 11.0 11
6800 9 10.0 11.0 11.0 11
6900 9 10.0 10.5 11.0 11
7000 9 10.0 10.5 11.0 11
7100 10 10.0 11.0 11.0 11
7200 10 10.0 10.5 11.0 11
7300 10 10.0 10.5 11.0 11
7400 10 10.0 11.0 11.0 11
7500 10 10.0 11.0 11.0 11
7600 10 10.0 11.0 11.0 11
7700 10 10.0 10.5 11.0 11
7800 9 10.25 11.0 11.0 11
7900 9 10.25 11.0 11.0 11
8000 9 10.25 11.0 11.0 11
8100 9 10.25 11.0 11.0 11
8200 9 10.0 11.0 11.0 11
8300 10 10.0 11.0 11.0 11
8400 10 10.0 11.0 11.0 11
8500 10 10.0 11.0 11.0 11
8600 10 11.0 11.0 11.0 11
8700 10 11.0 11.0 11.0 11
8800 10 10.25 11.0 11.0 12
8900 10 10.25 11.0 11.0 12
9000 10 10.0 11.0 11.0 12
9100 10 10.0 11.0 11.0 12
9200 10 10.0 11.0 11.0 12
9300 10 10.0 11.0 11.0 12
9400 10 10.0 11.0 11.0 12
9500 10 10.25 11.0 11.0 12
9600 10 11.0 11.0 11.0 12
9700 10 11.0 11.0 11.0 12
9800 10 11.0 11.0 11.0 12
9900 10 11.0 11.0 11.0 12
