0 6 7.0 7.0 7.75 9
100 6 7.0 7.5 9.0 9
200 7 8.0 8.5 9.0 9
300 7 8.0 8.5 9.0 9
400 8 8.0 9.0 9.0 9
500 8 9.0 9.0 9.75 11
600 8 9.0 9.0 9.75 11
700 8 9.0 9.0 10.0 11
800 8 9.0 9.0 10.0 10
900 8 9.0 9.0 10.0 10
1000 8 9.0 9.0 10.0 10
1100 9 9.0 9.5 10.0 10
1200 9 10.0 10.0 10.75 11
1300 9 9.25 10.0 10.75 11
1400 9 10.0 10.0 10.75 11
1500 9 10.0 10.0 11.0 11
1600 9 10.0 10.0 11.0 11
1700 9 10.0 10.0 10.0 11
1800 9 10.0 10.0 10.75 11
1900 9 9.25 10.0 11.0 12
2000 9 10.0 10.0 10.75 12
2100 9 10.0 10.0 10.0 12
2200 9 10.0 10.0 10.75 12
2300 9 9.25 10.0 10.75 13
2400 9 9.0 10.0 10.0 13
2500 9 9.25 10.0 10.75 13
2600 9 10.0 10.0 10.75 13
2700 10 10.0 11.0 11.0 13
2800 9 10.0 11.0 11.0 13
2900 9 10.0 10.5 11.0 13
3000 9 10.0 10.5 11.0 13
3100 9 10.0 10.5 11.0 13
3200 9 10.0 10.5 11.0 12
3300 9 10.0 10.0 10.75 12
3400 9 10.0 11.0 11.0 12
3500 10 10.0 10.0 11.0 12
3600 9 10.0 10.0 10.75 11
3700 9 10.0 10.0 10.75 11
3800 9 10.0 10.0 10.75 11
3900 9 9.25 10.0 11.0 12
4000 9 10.0 10.0 10.0 12
4100 9 10.0 10.0 10.0 11
4200 9 10.0 10.0 11.0 11
4300 9 9.25 10.5 11.0 11
4400 9 10.0 11.0 11.0 11
4500 9 9.25 11.0 11.0 12
4600 9 10.0 10.0 11.0 12
4700 9 10.0 10.0 10.75 12
4800 9 9.25 10.0 10.75 12
4900 9 10.0 10.0 10.0 12
5000 9 9.25 10.0 10.0 12
5100 9 10.0 10.0 10.75 12
5200 9 10.0 10.0 11.0 12
5300 10 10.0 10.0 10.75 12
5400 9 10.0 10.0 10.0 11
5500 10 10.0 10.0 10.0 11
5600 10 10.0 11.0 11.0 12
5700 10 10.0 10.5 11.0 11
5800 9 10.0 10.0 11.0 12
5900 10 10.0 10.5 11.0 12
6000 10 10.0 10.5 11.0 12
6100 9 10.0 10.5 11.0 12
6200 9 10.0 10.5 11.0 12
6300 9 10.0 10.0 11.0 12
6400 9 10.0 10.0 10.75 12
6500 9 10.0 10.0 11.0 12
6600 9 10.0 10.0 10.75 12
6700 9 10.0 10.0 10.75 12
6800 9 10.0 10.5 11.0 12
6900 9 10.0 10.5 11.75 12
7000 10 10.0 10.5 11.75 13
7100 10 10.0 11.0 11.75 12
7200 9 10.25 11.0 11.0 12
7300 9 10.25 11.0 11.0 12
7400 10 10.25 11.0 11.0 12
7500 10 10.25 11.0 11.0 12
7600 10 11.0 11.0 11.75 13
7700 10 10.25 11.0 11.75 12
7800 10 10.25 11.0 11.75 12
7900 9 10.25 11.0 11.75 12
8000 10 11.0 11.0 11.75 13
8100 10 10.25 11.0 12.0 12
8200 10 10.25 11.0 12.0 12
8300 10 11.0 11.0 12.0 12
8400 10 11.0 11.0 11.75 13
8500 10 10.0 11.0 11.0 13
8600 10 10.25 11.0 11.0 12
8700 10 10.0 10.5 11.75 12
8800 10 11.0 11.0 11.0 12
8900 10 10.25 11.0 11.0 12
9000 9 10.25 11.0 11.0 12
9100 9 10.0 10.5 11.0 12
9200 9 10.0 11.0 11.0 12
9300 9 10.0 10.5 11.0 12
9400 9 10.0 11.0 11.0 12
9500 9 10.0 10.5 11.0 12
9600 9 10.0 10.5 11.0 13
9700 9 10.25 11.0 11.0 12
9800 9 10.0 11.0 11.0 11
9900 9 10.25 11.0 11.0 12
