0 17 18.0 18.0 18.75 21
100 18 18.0 18.0 18.75 21
200 17 19.0 19.0 20.0 21
300 17 19.0 19.0 20.0 21
400 18 19.0 19.5 20.0 21
500 18 19.0 19.5 20.0 21
600 18 19.0 19.5 20.75 21
700 18 19.25 20.0 21.0 22
800 19 20.0 20.5 21.0 23
900 19 20.0 21.0 21.0 22
1000 19 19.25 20.5 21.0 22
1100 19 20.0 20.5 21.75 22
1200 19 20.0 21.0 21.75 22
1300 19 20.25 21.0 22.0 22
1400 19 20.0 21.0 22.0 23
1500 20 20.25 21.5 22.0 23
1600 20 21.0 21.5 22.0 23
1700 20 20.25 21.5 22.0 23
1800 20 20.25 21.0 23.0 24
1900 20 20.25 21.5 22.75 24
2000 20 21.0 22.0 23.0 24
2100 20 21.0 22.0 23.0 24
2200 20 21.25 22.0 23.0 25
2300 20 21.25 23.0 23.75 25
2400 20 22.0 22.5 23.0 25
2500 20 22.0 23.0 23.0 25
2600 20 22.0 23.0 23.0 25
2700 21 21.25 23.0 23.75 25
2800 21 22.25 23.0 24.0 25
2900 21 22.25 23.0 24.0 25
3000 21 22.25 23.5 24.0 25
3100 21 22.25 23.0 24.0 25
3200 21 23.0 23.0 24.0 25
3300 21 23.0 23.0 24.0 25
3400 22 23.0 23.0 24.0 25
3500 23 23.0 24.0 24.0 25
3600 22 23.0 24.0 24.0 25
3700 22 22.25 24.0 24.0 25
3800 22 23.0 24.0 24.75 25
3900 22 23.0 23.5 24.75 25
4000 23 23.0 23.5 25.0 25
4100 23 23.0 24.0 25.0 25
4200 23 23.0 23.0 24.75 25
4300 23 23.0 24.0 24.75 25
4400 22 23.0 23.5 24.0 25
4500 22 23.0 24.0 24.0 25
4600 22 23.25 24.0 24.0 25
4700 22 23.25 24.5 25.0 25
4800 23 23.25 24.5 25.0 25
4900 23 23.25 24.5 25.0 25
5000 23 23.25 24.0 25.0 25
5100 23 23.25 24.5 25.0 25
5200 22 23.25 24.5 25.0 25
5300 23 24.0 24.5 25.0 25
5400 23 24.0 24.5 25.0 25
5500 23 23.25 24.5 25.0 25
5600 23 24.0 25.0 25.0 25
5700 23 24.25 25.0 25.0 25
5800 23 24.25 25.0 25.0 25
5900 23 24.25 25.0 25.0 25
6000 23 24.25 25.0 25.0 25
6100 23 24.0 25.0 25.0 25
6200 23 24.0 25.0 25.0 25
6300 23 24.0 25.0 25.0 25
6400 23 24.0 25.0 25.0 25
6500 23 24.0 25.0 25.0 25
6600 23 24.0 25.0 25.0 25
6700 23 24.0 25.0 25.0 25
6800 23 24.0 25.0 25.0 25
6900 23 24.0 25.0 25.0 25
7000 23 24.0 25.0 25.0 25
7100 23 24.0 25.0 25.0 25
7200 23 24.0 25.0 25.0 25
7300 23 24.0 25.0 25.0 25
7400 23 24.0 25.0 25.0 25
7500 23 24.0 25.0 25.0 25
7600 23 24.0 25.0 25.0 25
7700 23 24.0 25.0 25.0 25
7800 23 24.0 25.0 25.0 25
7900 23 24.0 25.0 25.0 25
8000 24 24.0 25.0 25.0 25
8100 24 24.0 25.0 25.0 25
8200 24 24.0 25.0 25.0 25
8300 24 24.0 25.0 25.0 25
8400 24 24.25 25.0 25.0 25
8500 24 24.0 25.0 25.0 25
8600 24 24.0 24.5 25.0 25
8700 24 24.0 25.0 25.0 25
8800 24 24.0 25.0 25.0 25
8900 24 24.0 25.0 25.0 25
9000 24 24.0 25.0 25.0 25
9100 24 24.0 25.0 25.0 25
9200 24 24.0 25.0 25.0 25
9300 24 24.0 25.0 25.0 25
9400 24 24.0 25.0 25.0 25
9500 24 24.0 25.0 25.0 25
9600 24 24.0 25.0 25.0 25
9700 24 24.0 25.0 25.0 25
9800 24 24.0 25.0 25.0 25
9900 24 24.0 25.0 25.0 25
