0 6 7.0 7.0 7.75 9
100 5 7.0 7.0 7.75 9
200 5 7.0 7.0 8.0 9
300 5 7.0 7.0 7.75 9
400 5 7.0 7.5 8.0 9
500 5 7.0 8.0 8.75 9
600 5 7.0 8.0 8.75 9
700 6 7.25 8.0 8.75 9
800 6 7.0 8.0 8.0 9
900 6 7.0 7.5 8.75 10
1000 6 7.0 8.0 8.75 10
1100 6 7.0 8.0 8.75 10
1200 6 7.0 8.0 8.75 10
1300 6 7.25 8.0 8.75 9
1400 6 7.0 8.0 8.0 9
1500 6 7.25 8.0 8.0 9
1600 7 7.0 8.0 8.0 9
1700 7 7.25 8.0 9.0 9
1800 7 7.25 8.0 8.75 9
1900 7 8.0 8.0 9.0 10
2000 7 8.0 8.0 9.0 10
2100 7 8.0 8.0 9.0 10
2200 7 8.0 9.0 9.0 10
2300 8 8.0 9.0 9.0 10
2400 7 8.0 8.5 9.0 10
2500 7 8.0 8.5 9.0 10
2600 7 8.0 8.5 9.0 10
2700 7 8.0 9.0 9.0 10
2800 7 8.0 9.0 9.0 10
2900 7 8.0 9.0 9.0 10
3000 7 8.25 9.0 9.0 10
3100 7 8.25 9.0 9.0 10
3200 7 8.25 9.0 9.0 11
3300 7 8.0 9.0 9.0 11
3400 7 8.0 9.0 9.0 10
3500 7 8.0 9.0 9.0 10
3600 7 8.0 9.0 9.0 10
3700 7 8.0 9.0 9.0 10
3800 7 8.25 9.0 9.0 10
3900 7 8.25 9.0 9.0 10
4000 8 8.25 9.0 9.0 10
4100 8 8.0 9.0 9.75 10
4200 8 9.0 9.0 9.75 10
4300 7 8.25 9.0 9.75 10
4400 7 8.25 9.0 9.75 10
4500 7 9.0 9.0 9.75 10
4600 7 9.0 9.0 10.0 12
4700 7 9.0 9.0 9.75 12
4800 7 9.0 9.0 9.75 12
4900 7 8.25 9.0 9.75 12
5000 7 8.25 9.0 9.75 12
5100 7 9.0 9.0 10.0 12
5200 7 9.0 9.0 10.0 12
5300 7 9.0 9.0 10.0 12
5400 7 9.0 9.0 10.0 12
5500 8 9.0 9.0 10.0 12
5600 8 9.0 9.0 10.0 12
5700 7 9.0 9.0 10.0 12
5800 7 9.0 9.0 10.0 12
5900 7 9.0 9.0 10.0 12
6000 7 9.0 9.0 10.0 12
6100 7 9.0 9.0 10.0 12
6200 7 9.0 9.0 10.0 12
6300 7 9.0 9.0 10.0 12
6400 7 9.0 9.0 10.0 12
6500 7 9.0 9.0 10.0 12
6600 7 9.0 9.0 10.0 12
6700 7 9.0 9.0 10.0 12
6800 7 9.0 9.0 10.0 12
6900 7 9.0 9.0 10.0 12
7000 7 9.0 9.5 10.0 12
7100 7 9.0 9.5 10.75 12
7200 9 9.0 10.0 10.0 12
7300 9 9.25 10.0 10.0 12
7400 9 9.25 10.0 10.0 12
7500 9 9.25 10.0 10.0 12
7600 9 9.25 10.0 10.0 12
7700 9 10.0 10.0 10.0 12
7800 9 10.0 10.0 10.0 12
7900 9 9.25 10.0 10.0 12
8000 9 9.25 10.0 10.75 12
8100 9 9.25 10.0 11.0 12
8200 9 9.25 10.0 11.0 12
8300 9 10.0 10.0 11.0 12
8400 9 10.0 10.0 11.0 12
8500 9 10.0 10.0 10.75 12
8600 9 10.0 10.0 10.75 12
8700 9 10.0 10.0 10.75 12
8800 9 10.0 10.0 11.0 12
8900 9 10.0 10.0 10.0 12
9000 9 10.0 10.0 10.0 12
9100 9 10.0 10.0 10.0 12
9200 9 10.0 10.0 10.0 12
9300 9 10.0 10.0 10.0 12
9400 9 10.0 10.0 10.75 12
9500 9 10.0 10.0 10.75 12
9600 9 10.0 10.0 10.75 12
9700 9 10.0 10.0 11.0 12
9800 9 10.0 10.0 11.0 12
9900 9 10.0 10.0 11.0 12
