0 17 18.0 18.0 18.75 21
100 18 18.0 18.5 19.0 21
200 17 18.0 18.5 19.0 21
300 17 18.0 19.0 19.0 21
400 16 17.25 19.0 19.0 21
500 16 18.0 19.0 19.75 21
600 17 18.25 19.0 19.75 21
700 18 19.0 19.0 20.0 21
800 18 19.0 19.5 20.75 21
900 18 19.0 19.5 21.0 21
1000 18 19.0 19.5 21.0 21
1100 19 19.25 20.0 21.0 21
1200 19 20.0 20.0 20.75 22
1300 19 20.0 20.0 20.75 22
1400 19 20.0 20.0 21.0 22
1500 19 20.0 20.0 21.0 22
1600 19 20.0 20.0 21.0 21
1700 19 20.0 20.0 21.0 21
1800 19 20.0 20.0 21.0 21
1900 19 20.0 21.0 21.0 22
2000 19 20.0 21.0 22.0 22
2100 20 20.0 21.0 21.75 22
2200 19 20.25 21.0 22.0 22
2300 19 20.25 21.0 21.75 22
2400 19 21.0 21.0 22.0 22
2500 19 21.0 21.0 21.75 22
2600 21 21.0 21.0 21.75 22
2700 20 21.0 21.5 22.0 22
2800 21 21.0 21.0 22.0 23
2900 20 21.0 21.0 21.75 23
3000 20 21.0 21.5 22.0 22
3100 20 21.0 22.0 22.0 22
3200 20 21.0 22.0 22.0 22
3300 20 21.0 22.0 22.0 22
3400 20 21.25 22.0 22.0 22
3500 19 21.25 22.0 22.0 22
3600 19 21.0 22.0 22.0 22
3700 19 21.0 21.5 22.0 22
3800 19 21.0 22.0 22.0 23
3900 19 21.25 22.0 22.0 23
4000 20 21.0 21.5 22.0 23
4100 20 21.0 22.0 22.0 23
4200 20 21.25 22.0 22.0 23
4300 19 21.25 22.0 22.0 23
4400 20 21.25 22.0 22.75 23
4500 20 21.25 22.0 22.75 23
4600 20 22.0 22.0 23.0 23
4700 20 22.0 22.0 23.0 24
4800 20 22.0 22.0 22.75 24
4900 20 22.0 22.0 22.0 23
5000 21 22.0 22.0 22.0 23
5100 21 21.0 22.0 22.0 23
5200 21 21.25 22.0 22.0 23
5300 21 21.25 22.0 23.0 23
5400 21 21.0 22.0 23.0 23
5500 21 21.25 22.0 23.0 23
5600 21 21.25 22.0 23.0 23
5700 21 21.25 22.5 23.0 24
5800 21 21.25 22.5 23.0 23
5900 21 21.25 22.5 23.0 23
6000 21 22.0 23.0 23.0 23
6100 21 22.0 22.5 23.0 24
6200 21 22.0 22.5 23.0 24
6300 21 22.0 22.5 23.0 23
6400 21 22.0 22.5 23.0 23
6500 21 22.0 22.5 23.0 23
6600 21 22.0 23.0 23.0 23
6700 21 22.25 23.0 23.0 23
6800 21 22.25 23.0 23.0 23
6900 21 22.25 23.0 23.0 23
7000 21 22.25 23.0 23.0 23
7100 21 22.25 23.0 23.0 23
7200 21 22.25 23.0 23.0 23
7300 21 22.25 23.0 23.0 24
7400 21 22.25 23.0 23.0 24
7500 22 22.25 23.0 23.0 24
7600 22 22.25 23.0 23.0 24
7700 22 22.25 23.0 23.0 24
7800 22 22.25 23.0 23.0 24
7900 22 22.25 23.0 23.0 24
8000 21 22.25 23.0 23.0 24
8100 21 22.25 23.0 23.0 24
8200 21 22.25 23.0 23.0 24
8300 21 22.25 23.0 23.0 24
8400 21 22.25 23.0 23.0 24
8500 21 22.25 23.0 23.0 24
8600 21 22.25 23.0 23.0 24
8700 21 22.25 23.0 23.0 24
8800 21 22.25 23.0 23.0 24
8900 21 22.25 23.0 23.0 24
9000 21 22.25 23.0 23.0 24
9100 21 22.25 23.0 23.0 24
9200 21 22.25 23.0 23.0 24
9300 21 22.25 23.0 23.0 24
9400 21 22.25 23.0 23.0 24
9500 21 22.25 23.0 23.0 24
9600 21 22.25 23.0 23.0 24
9700 21 22.25 23.0 23.0 24
9800 21 22.25 23.0 23.0 24
9900 21 22.25 23.0 23.0 24
