0 6 7.0 7.0 7.75 9
100 6 7.0 7.0 7.75 9
200 6 7.0 7.0 7.75 9
300 7 7.0 8.0 8.0 9
400 7 8.0 8.0 9.0 10
500 7 8.0 8.0 8.75 11
600 7 8.0 8.0 8.0 11
700 7 8.0 8.0 8.0 11
800 7 8.0 8.0 8.75 11
900 7 8.0 8.5 9.75 11
1000 7 8.0 8.0 9.75 11
1100 8 8.0 9.0 9.0 11
1200 8 8.0 9.0 9.0 11
1300 8 8.0 8.5 9.75 11
1400 8 8.0 9.0 9.0 11
1500 8 8.25 9.0 9.0 11
1600 9 9.0 9.0 9.0 11
1700 9 9.0 9.0 10.75 12
1800 9 9.0 9.5 10.0 11
1900 9 9.0 9.0 10.0 11
2000 9 9.0 9.0 10.0 11
2100 9 9.0 9.0 10.75 11
2200 9 9.0 9.5 10.75 11
2300 8 9.0 9.5 11.0 12
2400 8 9.25 10.0 10.75 12
2500 8 9.0 10.0 10.75 11
2600 8 9.25 10.0 11.0 11
2700 8 10.0 10.0 11.0 12
2800 8 10.0 10.5 11.0 12
2900 8 10.0 10.5 11.0 12
3000 8 10.0 10.5 11.0 11
3100 8 10.0 11.0 11.0 12
3200 9 10.0 11.0 11.0 12
3300 9 10.0 11.0 11.0 12
3400 9 10.0 11.0 11.0 12
3500 9 10.0 11.0 11.0 12
3600 9 10.25 11.0 11.0 12
3700 9 10.25 11.0 11.0 11
3800 9 11.0 11.0 11.0 11
3900 9 11.0 11.0 11.0 11
4000 10 11.0 11.0 11.0 11
4100 10 11.0 11.0 11.0 12
4200 10 10.25 11.0 11.0 12
4300 10 11.0 11.0 11.0 12
4400 10 11.0 11.0 11.0 12
4500 10 11.0 11.0 11.0 12
4600 10 11.0 11.0 11.0 12
4700 10 11.0 11.0 11.0 12
4800 10 11.0 11.0 11.0 12
4900 10 11.0 11.0 11.0 12
5000 10 11.0 11.0 11.0 12
5100 10 11.0 11.0 11.75 12
5200 10 11.0 11.0 12.0 12
5300 10 11.0 11.0 12.0 12
5400 10 11.0 12.0 12.0 13
5500 10 11.0 11.0 12.0 13
5600 10 11.0 11.5 12.0 13
5700 10 11.0 11.0 12.0 13
5800 10 11.0 11.0 12.0 13
5900 10 11.0 11.5 12.0 13
6000 10 11.0 11.0 12.0 13
6100 10 11.0 11.0 11.75 13
6200 10 11.0 11.0 11.75 12
6300 10 11.0 11.0 11.75 12
6400 10 11.0 11.0 11.75 13
6500 10 11.0 11.0 11.75 13
6600 11 11.0 11.0 11.75 13
6700 11 11.0 11.0 11.75 12
6800 11 11.0 11.0 12.0 13
6900 11 11.0 11.0 12.0 13
7000 11 11.0 11.0 12.0 13
7100 11 11.0 11.0 11.75 13
7200 11 11.0 11.0 11.75 13
7300 11 11.0 11.0 11.75 13
7400 11 11.0 11.0 12.0 13
7500 11 11.0 11.0 12.0 13
7600 11 11.0 11.0 11.75 13
7700 11 11.0 11.0 11.75 13
7800 11 11.0 11.0 12.0 13
7900 11 11.0 11.5 12.0 13
8000 11 11.0 12.0 12.0 13
8100 11 12.0 12.0 12.0 13
8200 11 12.0 12.0 12.0 13
8300 11 11.0 11.5 12.0 13
8400 11 11.0 11.5 12.0 13
8500 11 11.0 11.5 12.0 13
8600 11 11.0 12.0 12.0 13
8700 11 11.0 12.0 12.0 13
8800 11 11.0 11.5 12.0 13
8900 11 11.0 11.5 12.0 13
9000 11 11.0 12.0 12.0 13
9100 11 11.0 12.0 12.0 13
9200 11 11.0 12.0 12.0 13
9300 11 11.0 12.0 12.0 13
9400 11 11.25 12.0 12.0 13
9500 11 11.25 12.0 12.0 13
9600 11 11.0 12.0 12.0 13
9700 11 11.0 12.0 12.0 13
9800 11 11.0 12.0 12.0 13
9900 11 11.0 12.0 12.0 13
