0 6 7.0 7.0 7.75 9
100 5 7.0 7.0 7.75 9
200 5 7.0 7.0 7.75 9
300 6 7.0 7.0 8.0 9
400 6 7.25 8.0 8.0 9
500 6 8.0 8.0 8.0 9
600 6 8.0 8.0 8.0 9
700 7 8.0 8.0 8.0 10
800 7 8.0 8.0 8.75 10
900 7 8.0 8.0 9.0 10
1000 7 8.0 8.0 8.75 9
1100 7 8.0 8.0 8.75 9
1200 7 8.0 8.5 9.0 11
1300 7 8.0 8.5 9.0 11
1400 8 8.0 8.5 9.0 11
1500 8 8.0 9.0 9.75 11
1600 8 8.0 9.0 9.75 11
1700 8 8.0 8.5 10.0 11
1800 8 8.0 9.5 10.0 11
1900 8 9.0 9.5 10.0 11
2000 8 9.0 9.5 10.0 11
2100 8 9.0 9.5 10.0 11
2200 9 9.0 9.5 10.0 11
2300 9 9.0 9.5 10.0 11
2400 9 9.0 9.5 10.0 12
2500 9 9.0 9.5 10.0 12
2600 9 9.0 10.0 10.0 11
2700 9 9.25 10.0 10.0 11
2800 9 9.25 10.0 10.0 11
2900 9 9.25 10.0 10.75 11
3000 9 9.25 10.0 10.75 11
3100 9 10.0 10.0 10.75 11
3200 9 10.0 10.0 10.75 11
3300 9 10.0 10.0 10.75 11
3400 9 10.0 10.0 10.75 11
3500 9 10.0 10.0 11.0 11
3600 8 10.0 10.0 11.0 11
3700 8 10.0 10.5 11.0 12
3800 8 10.0 10.0 11.0 12
3900 9 10.0 10.0 10.75 12
4000 9 10.0 10.0 11.0 12
4100 9 10.0 10.0 11.0 12
4200 9 10.0 10.0 11.0 12
4300 9 10.0 10.5 11.0 12
4400 9 10.0 10.0 11.0 12
4500 9 10.0 10.5 11.0 12
4600 9 10.0 10.5 11.0 12
4700 9 10.0 10.0 11.0 11
4800 9 10.0 10.0 11.0 11
4900 9 10.0 11.0 11.0 11
5000 9 10.0 10.5 11.0 11
5100 9 10.0 11.0 11.0 11
5200 9 10.0 11.0 11.0 11
5300 10 10.0 11.0 11.0 11
5400 10 10.0 10.5 11.0 11
5500 9 10.0 11.0 11.0 11
5600 9 10.0 10.5 11.0 11
5700 9 10.0 10.5 11.0 11
5800 9 10.0 10.5 11.0 11
5900 9 10.0 10.5 11.0 11
6000 9 10.0 11.0 11.0 11
6100 9 10.0 11.0 11.0 11
6200 10 10.0 11.0 11.0 12
6300 9 10.25 11.0 11.75 12
6400 10 10.0 11.0 11.0 12
6500 10 10.25 11.0 11.0 12
6600 10 11.0 11.0 11.0 12
6700 10 10.25 11.0 11.0 12
6800 10 10.25 11.0 11.0 12
6900 10 11.0 11.0 11.0 12
7000 10 11.0 11.0 11.0 12
7100 10 10.0 11.0 11.0 12
7200 10 10.25 11.0 11.75 12
7300 10 10.25 11.0 11.75 12
7400 10 10.25 11.0 11.75 12
7500 10 11.0 11.0 11.75 12
7600 10 10.25 11.0 12.0 12
7700 10 11.0 11.5 12.0 12
7800 10 11.0 12.0 12.0 12
7900 10 11.0 11.5 12.0 12
8000 10 11.0 11.0 11.75 12
8100 10 11.0 11.0 12.0 12
8200 10 11.0 11.0 12.0 12
8300 10 11.0 11.0 12.0 12
8400 10 11.0 11.0 12.0 12
8500 10 11.0 11.0 11.75 12
8600 10 10.25 11.0 11.75 12
8700 10 11.0 11.0 11.75 12
8800 10 11.0 11.0 11.75 12
8900 10 11.0 11.5 12.0 12
9000 10 11.0 11.5 12.0 12
9100 10 11.0 11.5 12.0 12
9200 10 10.25 11.0 12.0 12
9300 9 10.25 11.0 12.0 12
9400 10 10.25 11.0 12.0 13
9500 10 10.0 11.0 12.0 12
9600 10 10.25 11.0 12.0 12
9700 10 11.0 11.0 12.0 13
9800 10 10.25 11.0 12.0 13
9900 10 10.25 11.0 12.0 13
