0 6 7.0 7.0 7.75 9
100 6 7.0 7.5 8.0 9
200 6 7.25 8.0 8.0 9
300 6 7.0 7.5 8.0 9
400 6 7.0 7.5 8.0 9
500 7 7.0 7.5 8.0 9
600 6 7.0 7.5 8.0 9
700 7 7.25 8.0 8.0 9
800 6 7.25 8.0 8.0 9
900 7 7.0 8.0 8.0 9
1000 7 7.0 8.0 8.0 9
1100 6 7.0 8.0 8.0 9
1200 6 7.25 8.0 8.75 9
1300 7 7.25 8.0 8.75 9
1400 7 8.0 8.0 8.0 9
1500 7 8.0 8.0 9.0 9
1600 7 8.0 8.0 8.75 9
1700 7 8.0 8.0 8.75 9
1800 7 8.0 8.0 9.0 9
1900 7 8.0 8.0 9.0 9
2000 8 8.0 8.0 9.0 9
2100 7 8.0 8.0 8.75 9
2200 7 8.0 8.0 8.75 9
2300 7 8.0 8.0 8.75 9
2400 7 8.0 8.0 8.75 9
2500 7 8.0 8.0 8.75 9
2600 7 8.0 8.0 9.0 9
2700 7 8.0 8.0 9.0 9
2800 7 8.0 8.0 9.0 11
2900 7 8.0 8.0 8.75 9
3000 8 8.0 8.0 9.0 9
3100 8 8.0 8.0 9.0 9
3200 8 8.0 8.0 9.0 9
3300 8 8.0 8.5 9.0 11
3400 8 8.0 8.5 9.0 9
3500 8 8.0 9.0 9.0 9
3600 8 8.0 8.5 9.0 9
3700 8 8.0 8.5 9.0 9
3800 8 8.0 8.0 9.0 9
3900 8 8.0 8.0 9.0 9
4000 8 8.0 8.5 9.0 9
4100 8 8.0 8.0 9.0 9
4200 8 8.0 8.0 9.0 9
4300 8 8.0 8.0 9.0 9
4400 8 8.0 8.0 9.0 9
4500 8 8.0 8.0 9.0 9
4600 8 8.0 8.0 9.0 9
4700 8 8.0 8.0 9.0 9
4800 8 8.0 8.0 9.0 10
4900 8 8.0 8.0 9.0 9
5000 8 8.0 8.0 9.0 9
5100 8 8.0 8.0 9.0 9
5200 8 8.0 8.0 9.0 9
5300 8 8.0 8.0 9.0 9
5400 8 8.0 8.0 9.0 9
5500 8 8.0 8.5 9.0 9
5600 8 8.0 8.0 9.0 9
5700 8 8.0 8.0 9.0 9
5800 8 8.0 8.0 9.0 9
5900 8 8.0 8.0 9.0 9
6000 8 8.0 8.5 9.0 9
6100 8 8.0 8.0 9.0 9
6200 8 8.0 8.0 9.0 9
6300 8 8.0 8.5 9.0 9
6400 8 8.0 8.5 9.0 9
6500 8 8.0 8.5 9.0 9
6600 8 8.0 8.5 9.0 9
6700 8 8.0 9.0 9.0 9
6800 8 8.0 9.0 9.0 9
6900 8 8.0 9.0 9.0 9
7000 8 8.0 9.0 9.0 9
7100 8 8.0 9.0 9.0 9
7200 8 8.0 9.0 9.0 9
7300 8 8.0 9.0 9.0 9
7400 8 8.0 9.0 9.0 9
7500 8 8.0 9.0 9.0 9
7600 8 8.0 9.0 9.0 9
7700 8 8.0 9.0 9.0 9
7800 8 8.0 9.0 9.0 9
7900 8 8.0 9.0 9.0 9
8000 8 8.0 9.0 9.0 9
8100 8 8.0 9.0 9.0 9
8200 8 8.0 9.0 9.0 9
8300 8 8.0 9.0 9.0 9
8400 8 8.0 9.0 9.0 9
8500 8 8.25 9.0 9.0 9
8600 8 8.25 9.0 9.0 9
8700 8 8.25 9.0 9.0 9
8800 8 8.25 9.0 9.0 9
8900 8 8.25 9.0 9.0 9
9000 8 8.25 9.0 9.0 9
9100 8 8.25 9.0 9.0 9
9200 8 8.25 9.0 9.0 10
9300 8 8.25 9.0 9.0 9
9400 8 8.25 9.0 9.0 9
9500 8 8.25 9.0 9.0 9
9600 8 8.25 9.0 9.0 9
9700 8 8.25 9.0 9.0 9
9800 8 9.0 9.0 9.0 9
9900 8 9.0 9.0 9.0 9
