0 17 18.0 18.0 18.75 21
100 17 18.0 18.0 18.75 21
200 17 18.0 18.0 18.75 21
300 17 18.0 18.0 18.75 21
400 17 18.0 18.0 19.0 21
500 17 18.0 18.0 19.75 21
600 18 18.0 18.5 19.75 21
700 18 18.25 19.0 19.0 21
800 18 18.25 19.0 19.75 21
900 18 18.25 19.0 19.75 21
1000 16 18.25 19.0 20.0 22
1100 18 18.25 19.0 20.0 22
1200 17 18.0 19.5 20.0 22
1300 16 18.25 20.0 20.75 22
1400 18 19.25 20.0 20.75 22
1500 18 19.0 19.5 20.75 22
1600 18 19.0 19.5 20.0 22
1700 18 19.0 20.0 20.75 22
1800 18 19.0 20.0 20.0 22
1900 18 19.0 20.0 20.0 22
2000 18 19.0 19.5 20.0 22
2100 18 19.0 19.5 20.0 22
2200 18 19.0 20.0 20.0 22
2300 19 19.0 20.0 20.75 22
2400 18 19.0 20.0 20.75 22
2500 18 19.25 20.0 20.0 22
2600 18 19.25 20.0 20.0 22
2700 18 19.25 20.0 20.0 22
2800 18 19.25 20.0 20.0 22
2900 18 20.0 20.0 20.75 22
3000 18 19.0 20.0 20.75 22
3100 18 19.0 20.0 21.0 22
3200 18 19.25 20.0 20.75 22
3300 18 19.0 20.0 20.0 22
3400 18 19.25 20.0 20.75 22
3500 19 20.0 20.0 21.0 22
3600 18 19.25 20.5 21.0 22
3700 19 20.0 21.0 21.0 22
3800 19 19.25 20.5 21.0 22
3900 19 19.25 20.5 21.0 22
4000 19 20.0 21.0 21.0 22
4100 19 20.0 21.0 21.0 22
4200 19 20.0 21.0 21.0 22
4300 19 20.25 21.0 21.0 22
4400 19 20.25 21.0 21.0 22
4500 19 20.25 21.0 21.0 22
4600 19 20.25 21.0 21.0 22
4700 19 20.25 21.0 21.0 22
4800 19 20.25 21.0 21.0 22
4900 19 21.0 21.0 21.75 22
5000 19 21.0 21.0 21.75 23
5100 19 20.25 21.0 21.75 23
5200 19 20.0 21.0 21.75 23
5300 19 20.25 21.0 21.75 23
5400 19 20.25 21.0 21.75 23
5500 19 20.25 21.0 21.75 23
5600 20 20.25 21.0 21.75 23
5700 20 20.25 21.0 21.75 24
5800 19 20.25 21.0 22.0 23
5900 19 20.25 21.0 22.0 23
6000 20 21.0 21.0 22.0 23
6100 20 21.0 21.0 22.0 24
6200 20 20.25 21.0 21.75 24
6300 20 21.0 21.0 21.75 24
6400 20 21.0 21.0 21.75 24
6500 20 21.0 21.0 22.0 24
6600 20 21.0 21.5 22.0 24
6700 20 21.0 21.0 22.0 24
6800 20 21.0 21.0 22.0 24
6900 20 21.0 21.5 22.0 24
7000 20 21.0 21.5 22.0 24
7100 20 21.0 21.5 22.0 24
7200 20 21.0 21.0 22.0 24
7300 20 21.0 21.0 22.0 24
7400 20 21.0 21.0 22.0 24
7500 20 20.25 21.0 21.75 24
7600 21 21.0 21.5 22.0 24
7700 20 21.0 21.0 21.75 24
7800 20 21.0 21.0 21.75 24
7900 20 21.0 21.0 22.0 24
8000 20 21.0 21.0 21.75 24
8100 20 21.0 21.0 21.75 24
8200 20 21.0 21.5 22.0 24
8300 21 21.0 21.5 22.0 24
8400 20 21.0 21.0 22.0 24
8500 21 21.0 21.0 22.0 24
8600 21 21.0 21.0 22.0 24
8700 20 21.0 21.0 22.0 24
8800 20 21.0 21.0 21.75 24
8900 20 21.0 21.5 22.0 24
9000 20 21.0 21.5 22.0 24
9100 21 21.0 21.0 22.0 24
9200 21 21.0 21.0 22.0 24
9300 21 21.0 21.0 22.0 24
9400 21 21.0 21.0 22.0 24
9500 21 21.0 21.5 22.0 24
9600 20 21.0 21.5 22.0 24
9700 20 21.0 21.5 22.0 24
9800 20 21.0 21.5 22.0 24
9900 20 21.0 21.5 22.0 24
