0 17 18.0 18.0 18.75 21
100 17 18.0 18.0 18.0 21
200 17 17.0 18.0 18.75 21
300 17 17.25 18.0 19.0 21
400 17 17.25 18.5 19.75 21
500 17 18.0 19.0 19.75 21
600 17 18.0 18.5 19.75 21
700 17 18.0 19.0 19.75 21
800 17 18.0 18.5 20.0 21
900 18 18.0 18.5 20.0 21
1000 18 18.25 19.5 20.75 21
1100 17 18.25 20.0 20.75 21
1200 17 18.5 20.0 20.0 21
1300 18 19.25 20.0 20.0 21
1400 18 19.0 20.0 20.0 21
1500 17 19.0 20.0 20.75 21
1600 18 19.0 20.0 20.75 21
1700 18 19.0 20.0 20.75 21
1800 18 19.0 20.0 20.75 21
1900 18 19.25 20.0 20.75 22
2000 18 20.0 20.0 21.0 22
2100 18 19.25 20.5 21.75 22
2200 18 19.25 20.5 21.75 22
2300 18 20.0 20.5 21.75 22
2400 19 20.0 20.5 21.0 22
2500 18 20.0 20.5 21.0 22
2600 18 20.0 21.0 21.0 22
2700 18 20.0 21.0 21.0 22
2800 18 20.0 20.5 21.0 22
2900 18 20.0 21.0 21.0 22
3000 18 19.5 21.0 21.75 22
3100 19 20.25 21.0 21.75 22
3200 18 19.5 21.0 22.0 23
3300 18 21.0 21.0 21.75 23
3400 18 20.25 21.0 21.75 23
3500 18 20.25 21.0 21.75 23
3600 18 21.0 21.0 22.0 22
3700 18 21.0 21.5 22.0 22
3800 18 20.25 21.0 22.0 22
3900 19 20.25 21.0 22.0 22
4000 19 20.25 21.0 22.0 23
4100 19 20.25 21.0 22.0 23
4200 20 20.25 21.0 21.75 23
4300 20 20.25 21.0 21.75 24
4400 19 20.25 21.0 21.75 24
4500 19 20.25 21.0 21.75 24
4600 19 20.25 21.0 21.75 24
4700 19 20.25 21.0 21.75 24
4800 19 20.25 21.0 21.75 24
4900 19 20.25 21.0 21.75 24
5000 19 21.0 21.0 21.75 24
5100 19 21.0 21.0 21.75 24
5200 19 21.0 21.0 21.75 24
5300 19 21.0 21.0 22.0 24
5400 19 21.0 21.0 21.75 24
5500 19 21.0 21.0 21.75 24
5600 19 21.0 21.0 21.75 24
5700 19 21.0 21.0 21.75 24
5800 19 21.0 21.0 21.75 24
5900 19 21.0 21.0 21.75 24
6000 20 21.0 21.0 21.75 24
6100 20 21.0 21.0 21.75 24
6200 20 21.0 21.0 21.75 24
6300 20 21.0 21.0 21.75 24
6400 20 21.0 21.0 21.75 24
6500 20 21.0 21.0 21.75 24
6600 20 20.25 21.0 21.75 24
6700 20 21.0 21.0 21.75 24
6800 20 21.0 21.0 21.75 24
6900 20 21.0 21.0 21.75 24
7000 20 21.0 21.0 21.75 24
7100 20 21.0 21.0 22.0 24
7200 20 21.0 21.0 22.0 24
7300 20 21.0 21.0 22.0 24
7400 20 21.0 21.0 21.75 24
7500 20 21.0 21.0 21.75 24
7600 20 21.0 21.0 21.75 24
7700 20 21.0 21.0 21.75 24
7800 20 21.0 21.0 21.75 24
7900 20 21.0 21.0 21.75 24
8000 20 21.0 21.0 21.75 24
8100 20 21.0 21.0 21.75 24
8200 20 21.0 21.0 21.75 24
8300 20 21.0 21.0 21.75 24
8400 20 21.0 21.0 21.75 24
8500 20 21.0 21.0 21.75 24
8600 20 21.0 21.0 21.75 24
8700 20 21.0 21.0 22.0 24
8800 20 21.0 21.0 22.0 24
8900 20 21.0 21.0 21.75 24
9000 20 21.0 21.0 21.75 24
9100 20 21.0 21.0 21.75 24
9200 20 21.0 21.0 21.75 24
9300 20 21.0 21.0 21.75 24
9400 20 21.0 21.0 21.75 24
9500 20 21.0 21.0 21.75 24
9600 20 21.0 21.0 21.75 24
9700 20 21.0 21.0 21.75 24
9800 20 21.0 21.0 22.0 24
9900 20 21.0 21.0 21.75 24
