0 17 18.0 18.0 18.75 21
100 17 18.0 18.0 18.0 21
200 17 18.0 18.0 18.75 21
300 18 18.0 19.0 19.0 21
400 17 18.0 19.0 19.75 21
500 17 18.0 19.0 19.75 22
600 17 18.25 19.5 20.75 22
700 17 19.0 20.0 20.75 22
800 18 19.0 20.0 20.75 22
900 18 19.0 20.0 21.0 21
1000 18 19.0 20.5 21.0 21
1100 18 19.25 20.5 21.0 22
1200 18 20.0 20.5 21.0 22
1300 18 20.0 20.5 21.0 22
1400 19 20.0 20.5 21.0 23
1500 19 20.0 21.0 21.0 23
1600 19 21.0 21.0 21.75 23
1700 19 21.0 21.0 21.75 23
1800 19 21.0 21.0 22.0 23
1900 19 21.0 21.5 22.75 23
2000 20 21.0 21.5 23.0 23
2100 20 21.0 22.5 23.0 23
2200 20 21.0 21.5 23.0 23
2300 20 21.0 21.5 23.0 23
2400 20 21.0 22.0 23.0 23
2500 20 22.0 22.0 22.75 23
2600 20 21.0 22.0 22.75 23
2700 20 21.0 22.0 23.0 23
2800 21 21.25 22.5 23.0 24
2900 20 22.0 22.5 23.0 24
3000 21 21.25 22.0 23.0 23
3100 20 22.0 22.0 23.0 24
3200 21 22.0 22.5 23.0 23
3300 21 22.0 22.5 23.0 23
3400 21 22.0 23.0 23.0 24
3500 22 22.0 23.0 23.0 24
3600 22 22.0 23.0 23.0 24
3700 22 22.0 23.0 23.0 24
3800 22 22.0 23.0 23.0 24
3900 22 22.0 23.0 23.0 24
4000 22 22.0 23.0 23.75 24
4100 22 22.25 23.0 23.75 24
4200 21 22.0 23.0 23.0 24
4300 21 22.0 22.5 23.0 24
4400 21 22.0 22.5 23.0 23
4500 22 22.0 23.0 23.0 23
4600 22 22.0 23.0 23.0 24
4700 22 22.25 23.0 23.0 24
4800 22 22.25 23.0 23.0 24
4900 22 23.0 23.0 23.0 24
5000 22 23.0 23.0 23.0 24
5100 22 23.0 23.0 23.0 23
5200 22 23.0 23.0 23.0 24
5300 22 23.0 23.0 23.75 24
5400 22 22.25 23.0 23.75 24
5500 22 23.0 23.0 24.0 24
5600 22 23.0 23.0 24.0 24
5700 22 23.0 23.0 24.0 24
5800 22 23.0 23.0 23.75 24
5900 22 23.0 23.0 23.75 24
6000 22 23.0 23.0 23.75 24
6100 23 23.0 23.0 23.75 24
6200 22 23.0 23.0 24.0 24
6300 22 23.0 23.0 24.0 24
6400 22 23.0 23.0 24.0 24
6500 22 23.0 23.0 24.0 24
6600 22 23.0 23.0 23.0 24
6700 22 23.0 23.0 23.0 24
6800 22 23.0 23.0 23.0 24
6900 22 23.0 23.0 23.0 24
7000 22 23.0 23.0 23.75 24
7100 23 23.0 23.0 23.75 24
7200 23 23.0 23.0 23.75 24
7300 22 23.0 23.0 24.0 24
7400 22 23.0 23.0 23.75 24
7500 22 23.0 23.0 23.75 24
7600 22 23.0 23.0 23.75 24
7700 22 23.0 23.0 23.75 24
7800 22 23.0 23.0 23.75 24
7900 22 23.0 23.0 23.75 24
8000 22 23.0 23.0 23.75 24
8100 22 23.0 23.0 24.0 24
8200 22 23.0 23.0 23.75 24
8300 23 23.0 23.0 23.75 24
8400 23 23.0 23.0 23.75 24
8500 23 23.0 23.0 23.75 24
8600 23 23.0 23.0 23.75 24
8700 23 23.0 23.0 23.75 24
8800 23 23.0 23.0 23.75 24
8900 23 23.0 24.0 24.0 24
9000 23 23.0 23.5 24.0 25
9100 23 23.0 23.0 24.0 25
9200 23 23.0 23.0 24.0 25
9300 23 23.0 23.0 23.75 25
9400 22 23.0 23.0 23.75 25
9500 22 23.0 23.0 24.0 24
9600 23 23.0 23.0 24.0 24
9700 22 23.0 23.0 24.0 24
9800 22 23.0 23.5 24.0 24
9900 23 23.0 23.5 24.0 24
