0 17 18.0 18.0 18.75 21
100 17 18.0 18.0 19.75 21
200 17 18.25 19.0 19.0 20
300 17 18.0 18.0 19.0 20
400 17 18.0 18.5 19.0 20
500 17 18.0 18.0 19.0 20
600 18 18.0 19.0 19.0 20
700 17 18.0 18.5 19.0 20
800 18 18.0 19.0 19.0 20
900 17 18.0 18.0 18.75 20
1000 18 18.0 18.0 18.75 20
1100 17 18.0 19.0 19.0 20
1200 17 17.0 18.0 18.75 21
1300 17 18.0 18.5 19.0 21
1400 17 18.0 18.5 19.0 20
1500 17 18.0 19.0 19.75 20
1600 18 18.0 19.0 20.0 21
1700 18 18.25 19.0 20.0 21
1800 17 18.25 19.0 20.0 20
1900 18 19.0 19.0 20.0 20
2000 17 19.0 19.0 20.0 20
2100 17 18.0 18.5 19.0 20
2200 17 18.0 18.5 19.0 20
2300 17 18.0 18.5 19.0 20
2400 16 18.0 18.5 19.75 20
2500 18 18.0 18.5 19.0 20
2600 17 18.0 19.0 19.0 20
2700 17 18.0 18.5 19.0 20
2800 17 17.25 18.5 19.0 20
2900 17 18.0 18.5 19.0 20
3000 18 18.25 19.0 20.0 20
3100 17 18.0 18.5 19.0 20
3200 17 18.0 19.0 19.0 20
3300 18 18.25 19.0 19.75 20
3400 18 18.0 19.0 19.75 22
3500 17 18.0 19.0 19.0 20
3600 18 18.25 19.0 19.0 20
3700 18 19.0 19.0 19.0 20
3800 18 18.25 19.0 19.0 20
3900 18 18.0 19.0 19.0 20
4000 18 18.0 19.0 19.0 20
4100 17 18.25 19.0 19.0 20
4200 17 18.0 18.5 19.0 20
4300 18 18.25 19.0 19.0 20
4400 18 18.0 19.0 19.0 20
4500 18 18.0 19.0 19.75 21
4600 18 18.0 18.0 19.0 20
4700 17 19.0 19.0 20.0 21
4800 17 19.0 19.0 20.0 21
4900 17 18.0 18.5 19.75 21
5000 18 18.0 18.5 19.75 22
5100 18 18.0 18.0 19.0 22
5200 17 18.0 18.0 19.0 22
5300 17 18.0 18.0 19.75 22
5400 18 18.0 18.0 18.75 22
5500 18 18.0 18.5 19.0 20
5600 18 18.0 18.5 19.75 20
5700 17 18.25 19.0 19.75 20
5800 18 18.25 19.0 19.0 20
5900 17 18.25 19.0 19.75 21
6000 17 18.0 19.0 19.0 20
6100 17 18.25 19.0 19.0 20
6200 17 18.0 18.5 19.0 20
6300 17 18.0 18.5 19.0 19
6400 17 19.0 19.0 19.0 21
6500 17 19.0 19.0 19.0 21
6600 19 19.0 19.0 20.0 22
6700 18 19.0 19.0 20.0 22
6800 19 19.0 19.0 19.0 21
6900 18 19.0 19.5 20.0 21
7000 18 19.0 19.5 20.0 21
7100 19 19.0 20.0 20.0 21
7200 18 18.0 19.0 19.75 20
7300 18 18.0 19.0 19.0 20
7400 18 18.0 19.0 19.0 21
7500 18 18.0 19.0 19.0 20
7600 18 18.0 19.0 19.0 19
7700 18 18.0 18.0 19.0 20
7800 18 18.0 18.0 18.0 20
7900 18 18.0 18.0 19.75 21
8000 18 18.0 18.0 19.75 21
8100 17 18.0 18.0 19.0 21
8200 17 18.0 18.5 19.0 21
8300 18 18.0 18.5 19.0 21
8400 18 18.25 19.0 20.0 21
8500 17 18.25 19.5 20.0 21
8600 17 18.0 19.0 19.75 21
8700 17 18.0 19.0 19.0 21
8800 17 18.25 19.0 19.75 21
8900 17 18.25 19.0 19.0 20
9000 18 18.25 19.0 19.0 20
9100 17 18.0 19.0 19.0 20
9200 17 18.0 19.0 19.75 21
9300 18 18.0 19.0 19.0 21
9400 18 18.25 19.0 19.0 21
9500 17 18.0 19.0 19.75 22
9600 17 18.0 19.0 19.0 20
9700 16 17.0 18.0 19.75 21
9800 18 18.25 19.0 19.75 20
9900 16 18.0 18.5 19.75 23
