0 6 7.0 7.0 7.75 9
100 5 7.0 7.0 7.75 9
200 5 7.0 7.0 7.75 9
300 5 7.0 7.0 7.75 9
400 6 7.0 7.0 8.75 9
500 6 7.0 7.5 8.0 9
600 6 7.0 7.5 8.0 9
700 7 7.0 7.5 8.0 9
800 7 7.25 8.0 8.0 9
900 7 8.0 8.0 8.75 9
1000 7 7.25 8.0 8.0 9
1100 7 8.0 8.0 8.75 9
1200 7 7.25 8.0 8.0 9
1300 7 7.25 8.0 8.0 9
1400 7 8.0 8.0 8.75 9
1500 7 7.25 8.0 9.0 10
1600 7 8.0 9.0 9.0 9
1700 7 8.0 8.5 9.0 9
1800 7 8.0 9.0 9.0 9
1900 7 8.0 9.0 9.0 10
2000 7 8.0 9.0 9.0 10
2100 8 9.0 9.0 9.75 10
2200 8 9.0 9.0 9.0 12
2300 8 9.0 9.0 10.0 12
2400 8 9.0 9.0 10.0 11
2500 8 9.0 9.0 10.0 11
2600 8 8.25 9.0 10.0 11
2700 8 8.25 9.0 10.0 11
2800 8 9.0 9.5 10.0 11
2900 8 9.0 9.5 10.0 11
3000 8 9.0 9.5 10.0 11
3100 8 9.0 9.5 10.0 11
3200 8 9.0 9.5 10.0 11
3300 8 9.0 9.5 10.0 11
3400 8 9.0 9.5 10.0 11
3500 8 9.25 10.0 10.0 10
3600 8 9.25 10.0 10.0 10
3700 8 9.25 10.0 10.0 11
3800 8 9.25 10.0 10.0 11
3900 8 9.0 10.0 10.0 11
4000 8 9.0 9.5 10.0 11
4100 8 9.0 9.5 10.0 11
4200 8 9.0 9.5 10.0 12
4300 9 9.0 9.5 10.0 11
4400 9 9.0 9.5 10.0 11
4500 9 9.0 9.5 10.0 11
4600 9 9.0 10.0 10.0 11
4700 9 9.0 10.0 10.0 11
4800 9 9.0 10.0 10.0 11
4900 9 9.0 10.0 10.0 11
5000 9 9.0 9.5 10.0 11
5100 9 9.0 9.5 10.0 11
5200 9 9.0 10.0 10.0 11
5300 8 9.0 9.5 10.0 11
5400 8 9.0 9.5 10.0 11
5500 9 9.0 10.0 10.0 12
5600 9 10.0 10.0 10.75 12
5700 9 10.0 10.0 10.75 12
5800 9 9.25 10.0 10.0 12
5900 9 9.25 10.0 10.0 12
6000 9 10.0 10.0 10.0 12
6100 9 9.25 10.0 10.75 12
6200 9 9.25 10.0 11.0 12
6300 9 9.25 10.0 11.0 12
6400 9 9.25 10.0 10.75 12
6500 9 9.25 10.0 11.0 12
6600 9 9.25 10.0 11.0 12
6700 9 9.25 10.0 11.0 12
6800 9 9.25 10.0 11.0 12
6900 9 10.0 10.5 11.0 12
7000 9 10.0 10.5 11.0 12
7100 9 10.0 10.5 11.0 12
7200 9 10.0 11.0 11.0 12
7300 9 10.0 11.0 11.0 12
7400 9 10.0 10.5 11.0 12
7500 9 10.0 10.5 11.0 12
7600 9 10.0 10.5 11.0 12
7700 9 10.0 10.5 11.0 12
7800 9 10.0 10.5 11.0 12
7900 9 10.0 10.5 11.0 12
8000 9 10.0 10.5 11.0 12
8100 9 10.0 10.5 11.0 12
8200 9 10.0 10.5 11.0 12
8300 9 10.0 10.5 11.0 12
8400 9 10.0 11.0 11.0 12
8500 9 10.0 10.5 11.0 12
8600 9 10.0 10.5 11.0 12
8700 9 10.0 10.5 11.0 12
8800 9 10.0 10.5 11.0 12
8900 9 10.0 11.0 11.75 12
9000 9 10.0 11.0 11.75 12
9100 9 10.0 11.0 11.75 12
9200 9 10.0 11.0 11.0 12
9300 9 10.0 11.0 11.0 13
9400 9 10.0 11.0 11.0 13
9500 9 10.0 11.0 11.0 13
9600 10 11.0 11.0 11.0 13
9700 10 11.0 11.0 11.0 12
9800 9 10.25 11.0 11.0 12
9900 9 10.25 11.0 11.75 12
