0 17 18.0 18.0 18.75 21
100 17 18.0 18.0 19.0 21
200 18 18.0 19.0 19.0 21
300 17 19.0 19.0 19.75 22
400 17 18.25 19.0 19.75 21
500 17 19.0 20.0 20.0 21
600 18 20.0 20.0 21.0 21
700 18 20.0 20.0 20.75 21
800 18 20.0 20.5 21.0 21
900 20 20.0 20.5 21.0 22
1000 18 20.0 20.0 21.0 22
1100 20 20.0 20.0 21.0 21
1200 19 20.0 20.0 21.0 22
1300 19 20.0 21.0 21.0 22
1400 19 20.0 21.0 21.75 22
1500 19 20.25 21.0 21.75 22
1600 20 20.25 21.0 22.0 22
1700 20 21.0 21.0 21.75 22
1800 19 21.0 22.0 22.0 23
1900 20 21.0 21.0 21.75 23
2000 20 21.25 22.0 22.75 23
2100 20 21.0 21.5 23.0 23
2200 20 21.0 22.0 23.0 23
2300 20 21.25 22.0 23.0 23
2400 20 22.0 22.5 23.0 23
2500 21 22.0 23.0 23.0 24
2600 21 22.25 23.0 23.0 24
2700 21 22.25 23.0 23.75 24
2800 21 22.25 23.0 23.75 24
2900 21 22.25 23.0 23.0 24
3000 22 23.0 23.0 23.0 24
3100 22 22.25 23.0 23.0 24
3200 22 22.0 23.0 23.0 24
3300 22 22.25 23.0 23.0 24
3400 22 22.25 23.0 23.0 24
3500 22 22.25 23.0 23.0 24
3600 22 23.0 23.0 23.0 25
3700 22 23.0 23.0 23.75 25
3800 22 23.0 23.0 23.75 25
3900 22 23.0 23.0 23.75 24
4000 22 23.0 23.0 24.0 24
4100 22 23.0 23.5 24.0 24
4200 22 23.0 24.0 24.0 24
4300 22 23.0 24.0 24.0 24
4400 22 23.0 24.0 24.0 25
4500 22 23.0 23.5 24.0 24
4600 22 23.0 24.0 24.0 24
4700 22 23.25 24.0 24.0 24
4800 22 23.25 24.0 24.0 24
4900 22 23.25 24.0 24.0 25
5000 22 23.25 24.0 24.0 25
5100 22 23.25 24.0 24.0 25
5200 22 23.0 24.0 24.75 25
5300 22 23.0 24.0 24.75 25
5400 22 23.0 24.0 24.0 25
5500 22 23.0 23.5 24.0 25
5600 22 23.25 24.0 24.0 25
5700 22 23.25 24.0 24.0 25
5800 22 23.0 23.5 24.0 25
5900 22 23.0 23.5 24.0 25
6000 22 23.0 24.0 24.0 25
6100 22 23.0 24.0 24.0 25
6200 22 23.25 24.0 24.0 25
6300 23 24.0 24.0 24.0 25
6400 23 23.25 24.0 24.0 25
6500 23 23.25 24.0 24.0 25
6600 23 23.25 24.0 24.0 25
6700 23 24.0 24.0 24.0 25
6800 23 24.0 24.0 24.0 25
6900 23 24.0 24.0 24.0 25
7000 23 24.0 24.0 24.0 25
7100 23 24.0 24.0 24.75 25
7200 23 24.0 24.0 24.0 25
7300 23 24.0 24.0 24.75 25
7400 23 24.0 24.0 24.0 25
7500 23 24.0 24.0 24.0 25
7600 24 24.0 24.0 24.0 25
7700 23 24.0 24.0 24.0 25
7800 23 24.0 24.0 24.75 25
7900 23 24.0 24.0 24.75 25
8000 23 24.0 24.0 24.75 25
8100 23 24.0 24.0 24.75 25
8200 23 24.0 24.0 24.75 25
8300 23 24.0 24.0 24.75 25
8400 23 24.0 24.0 24.75 25
8500 23 24.0 24.0 24.75 25
8600 23 24.0 24.0 24.75 25
8700 23 24.0 24.0 24.75 25
8800 23 24.0 24.0 24.75 25
8900 23 24.0 24.0 24.75 25
9000 23 24.0 24.0 24.75 25
9100 23 24.0 24.0 25.0 25
9200 23 24.0 24.0 24.0 25
9300 23 24.0 24.0 24.75 25
9400 23 24.0 24.0 24.75 25
9500 23 24.0 24.0 24.75 25
9600 23 24.0 24.0 24.75 25
9700 23 24.0 24.0 24.0 25
9800 23 24.0 24.0 24.75 25
9900 23 24.0 24.0 24.75 25
