0 17 18.0 18.0 18.75 21
100 17 18.0 18.0 19.0 21
200 17 18.0 18.5 19.0 22
300 18 18.0 19.0 19.0 22
400 18 18.25 19.0 19.75 22
500 18 19.0 19.5 20.75 21
600 19 19.0 19.0 19.0 20
700 18 19.0 19.0 20.0 20
800 18 19.0 20.0 20.0 20
900 18 19.0 20.0 20.0 21
1000 18 19.0 20.0 20.0 21
1100 18 19.0 19.5 20.0 21
1200 19 19.25 20.0 20.0 21
1300 19 20.0 20.0 21.0 22
1400 19 19.25 20.0 20.0 22
1500 19 20.0 20.0 20.0 22
1600 19 19.0 19.5 20.0 21
1700 19 19.25 20.0 20.75 21
1800 18 20.0 20.0 20.75 21
1900 19 20.0 20.5 21.0 22
2000 19 20.0 20.0 20.75 21
2100 19 20.0 20.0 20.0 21
2200 18 19.25 20.0 21.0 21
2300 19 20.0 20.0 20.0 21
2400 19 20.0 20.0 21.0 24
2500 19 20.0 20.5 21.0 24
2600 19 20.0 20.0 21.0 22
2700 20 20.0 21.0 21.0 22
2800 20 20.0 20.5 21.0 22
2900 20 20.0 20.5 21.0 23
3000 19 20.0 20.5 21.0 23
3100 20 20.0 20.5 21.0 22
3200 19 20.0 20.5 21.75 22
3300 20 20.0 20.0 21.75 22
3400 19 20.0 20.5 21.0 22
3500 19 20.0 20.5 21.0 22
3600 19 20.0 21.0 21.75 22
3700 19 20.0 20.5 21.0 22
3800 19 19.25 20.0 21.0 22
3900 19 20.0 20.0 21.0 22
4000 19 20.0 20.5 21.0 22
4100 20 20.0 20.5 21.0 22
4200 20 20.25 21.0 21.0 21
4300 19 20.0 21.0 21.75 23
4400 19 20.0 21.0 21.75 23
4500 19 20.25 21.0 21.75 23
4600 19 20.25 21.0 21.0 23
4700 19 20.0 20.0 21.0 23
4800 19 20.0 21.0 21.0 23
4900 19 20.0 21.0 21.0 22
5000 19 20.25 21.0 21.0 22
5100 19 20.0 21.0 21.0 22
5200 19 21.0 21.5 22.0 22
5300 19 20.0 21.0 21.75 22
5400 19 20.0 20.5 21.75 22
5500 19 20.0 21.0 21.0 22
5600 18 20.0 21.0 21.0 23
5700 19 20.0 20.0 20.75 23
5800 19 20.0 20.0 20.75 23
5900 19 19.0 20.0 20.75 23
6000 19 20.0 20.0 20.0 23
6100 19 20.0 20.5 21.0 21
6200 19 20.0 20.0 21.0 22
6300 18 20.0 20.0 20.75 22
6400 19 20.0 20.0 21.0 22
6500 18 20.0 20.0 20.75 23
6600 19 19.25 20.0 21.75 23
6700 19 20.0 20.0 21.75 22
6800 19 20.0 20.0 20.75 22
6900 20 20.0 20.5 21.0 22
7000 20 20.25 21.0 21.0 22
7100 19 20.0 21.0 22.0 22
7200 19 20.0 21.0 22.0 23
7300 20 20.25 21.5 22.0 23
7400 20 20.0 21.0 21.0 22
7500 20 20.0 21.0 21.0 23
7600 20 20.0 21.0 21.0 23
7700 20 20.0 20.0 21.0 23
7800 20 20.0 21.0 21.0 22
7900 19 20.0 20.0 20.75 23
8000 19 20.0 20.0 20.0 22
8100 19 20.0 20.0 21.0 22
8200 19 19.25 20.0 20.75 22
8300 18 20.0 20.0 21.0 22
8400 20 20.0 21.0 21.75 22
8500 20 20.0 21.0 21.0 21
8600 19 20.0 21.0 21.0 22
8700 19 20.0 20.0 21.0 22
8800 19 20.0 20.0 21.0 23
8900 19 20.0 21.0 21.0 23
9000 19 20.0 21.0 21.75 23
9100 19 20.0 21.0 21.0 22
9200 19 20.0 21.0 21.0 23
9300 19 20.0 21.0 21.75 24
9400 19 20.25 21.0 21.0 23
9500 19 20.25 21.0 22.0 23
9600 19 21.0 21.0 21.75 23
9700 20 21.0 21.0 21.0 23
9800 20 21.0 21.0 21.0 23
9900 19 20.0 21.0 21.0 22
