0 17 18.0 18.0 18.75 21
100 17 18.0 18.0 18.0 21
200 17 17.25 18.0 18.0 21
300 17 17.25 18.0 18.75 21
400 17 18.0 18.0 18.75 21
500 17 18.0 18.0 19.0 21
600 17 18.0 18.5 19.0 21
700 17 18.0 18.5 19.0 23
800 17 18.25 19.0 19.0 23
900 17 17.5 19.0 19.0 21
1000 17 18.25 19.0 19.0 21
1100 17 19.0 19.0 19.75 21
1200 17 18.25 19.0 19.75 21
1300 17 18.25 19.0 19.75 21
1400 18 18.25 19.0 19.75 21
1500 17 19.0 19.0 19.75 21
1600 18 19.0 19.0 19.75 21
1700 17 18.25 19.0 20.75 21
1800 17 18.25 20.0 21.0 22
1900 17 19.0 20.0 20.75 22
2000 18 19.0 20.0 20.75 22
2100 19 19.25 20.5 21.0 22
2200 18 20.0 20.0 21.0 22
2300 18 19.25 20.0 21.0 22
2400 18 20.0 20.0 20.75 22
2500 19 20.0 20.0 20.75 22
2600 19 20.0 20.0 21.0 22
2700 19 19.25 20.0 21.75 22
2800 19 19.25 20.0 21.0 22
2900 19 19.25 20.0 21.0 22
3000 18 20.0 20.0 21.0 22
3100 19 20.0 20.5 21.0 22
3200 18 20.0 20.5 21.0 22
3300 18 20.0 20.5 21.0 23
3400 18 19.25 20.5 21.75 24
3500 18 19.25 21.0 22.0 24
3600 18 19.25 20.5 22.0 24
3700 19 20.0 21.0 22.0 24
3800 18 20.0 21.0 22.0 24
3900 19 19.25 21.0 22.0 24
4000 19 20.0 20.5 22.0 23
4100 19 20.0 21.5 22.0 23
4200 19 20.25 21.0 22.0 23
4300 19 20.0 21.5 22.0 23
4400 19 20.0 21.0 22.0 23
4500 19 20.0 21.0 22.0 23
4600 19 20.0 21.0 22.0 23
4700 19 20.25 21.0 22.0 23
4800 19 20.25 21.0 22.0 23
4900 19 20.25 21.0 21.75 23
5000 19 20.25 21.0 22.0 23
5100 19 20.25 21.0 22.0 23
5200 19 20.0 21.0 22.0 23
5300 19 20.0 21.5 22.0 23
5400 19 20.0 21.0 22.0 23
5500 19 20.25 21.0 22.0 23
5600 20 21.0 21.5 22.0 23
5700 20 20.25 21.5 22.0 23
5800 19 20.25 22.0 22.0 23
5900 19 20.25 21.5 22.0 23
6000 19 20.25 21.0 22.0 23
6100 19 20.25 21.0 22.0 23
6200 19 20.25 21.0 22.75 23
6300 19 20.25 22.0 22.75 23
6400 19 20.5 22.0 22.75 23
6500 19 20.5 22.0 22.0 23
6600 19 21.25 22.0 22.75 23
6700 19 20.5 22.0 23.0 23
6800 19 20.5 22.0 23.0 23
6900 20 20.5 22.0 23.0 23
7000 20 20.5 22.0 23.0 23
7100 19 20.5 22.5 23.0 23
7200 20 21.25 22.0 23.0 23
7300 20 21.25 22.5 23.0 23
7400 20 21.25 22.0 23.0 23
7500 20 22.0 22.5 23.0 23
7600 20 22.0 23.0 23.0 24
7700 20 22.0 22.5 23.0 23
7800 20 21.25 22.5 23.0 23
7900 20 22.0 22.5 23.0 23
8000 20 22.0 22.5 23.0 23
8100 20 22.0 22.5 23.0 23
8200 19 22.0 22.0 23.0 23
8300 19 22.0 22.5 23.0 23
8400 19 22.0 22.5 23.0 23
8500 19 22.0 22.5 23.0 23
8600 20 22.0 22.0 23.0 23
8700 21 22.0 22.0 23.0 23
8800 20 22.0 22.0 23.0 23
8900 20 22.0 22.5 23.0 24
9000 20 22.0 22.0 23.0 25
9100 20 22.0 22.0 23.0 25
9200 20 22.0 22.0 23.0 25
9300 20 22.0 22.0 23.0 25
9400 20 22.0 22.5 23.0 25
9500 20 22.0 22.5 23.0 25
9600 21 22.0 22.5 23.0 23
9700 20 22.0 22.5 23.0 23
9800 20 22.0 23.0 23.0 23
9900 20 22.0 23.0 23.0 23
