0 6 7.0 7.0 7.75 9
100 5 7.0 7.0 7.75 9
200 5 7.0 7.0 8.0 9
300 5 7.0 7.0 8.0 9
400 6 7.0 7.5 8.0 9
500 6 7.0 7.5 8.0 9
600 6 7.0 8.0 8.75 9
700 7 7.0 8.0 8.0 10
800 7 7.25 8.0 8.75 10
900 7 8.0 8.5 9.0 10
1000 7 8.0 8.5 9.0 9
1100 7 8.0 8.5 9.0 9
1200 7 8.0 8.0 8.75 9
1300 8 8.0 8.0 9.0 10
1400 8 8.0 8.0 9.0 10
1500 8 8.0 8.0 9.0 10
1600 8 8.0 8.0 9.0 11
1700 8 8.0 8.5 9.0 11
1800 7 8.0 8.5 9.0 11
1900 8 8.0 9.0 9.0 11
2000 8 8.0 9.0 9.0 11
2100 7 8.0 9.0 9.0 11
2200 7 9.0 9.0 9.75 11
2300 8 9.0 9.0 10.0 11
2400 8 9.0 9.0 10.0 11
2500 8 9.0 9.0 10.0 12
2600 8 9.0 9.5 10.0 12
2700 8 9.0 9.5 10.0 12
2800 8 9.0 10.0 10.0 12
2900 9 9.0 10.0 10.0 12
3000 7 9.25 10.0 10.0 12
3100 7 9.25 10.0 10.0 12
3200 8 9.0 10.0 10.0 12
3300 8 9.25 10.0 10.0 12
3400 8 9.25 10.0 10.0 11
3500 8 8.25 10.0 10.75 11
3600 8 9.0 10.0 10.75 11
3700 8 9.0 10.0 10.75 12
3800 8 9.25 10.0 11.0 12
3900 8 9.0 10.0 11.0 12
4000 8 8.25 10.0 11.0 12
4100 8 8.25 10.0 11.0 12
4200 8 8.25 10.0 11.0 12
4300 8 8.25 10.0 11.0 12
4400 8 8.5 10.0 11.0 12
4500 8 8.5 10.0 11.0 12
4600 8 8.5 10.0 11.0 12
4700 8 9.0 10.0 10.75 12
4800 8 8.25 10.0 10.75 12
4900 8 8.25 10.0 10.75 12
5000 8 9.0 10.0 10.75 12
5100 8 8.25 10.0 10.75 12
5200 8 9.0 10.0 10.75 12
5300 8 9.0 10.0 10.75 12
5400 9 10.0 10.0 10.75 12
5500 9 10.0 10.0 10.75 12
5600 9 10.0 10.0 10.75 12
5700 9 10.0 10.0 10.75 12
5800 9 9.25 10.0 10.75 13
5900 9 9.25 10.0 11.5 13
6000 9 9.25 10.0 11.5 13
6100 9 10.0 10.0 10.75 13
6200 9 10.0 10.0 11.75 13
6300 9 10.0 10.5 11.0 13
6400 9 10.0 10.0 11.0 13
6500 9 10.0 10.0 11.0 13
6600 9 10.0 10.5 11.0 13
6700 9 10.0 10.5 11.0 13
6800 9 10.0 10.5 11.0 13
6900 9 10.0 10.5 11.0 13
7000 9 10.0 10.5 11.0 13
7100 9 10.0 10.5 11.0 13
7200 9 10.0 10.5 11.0 13
7300 9 10.0 10.5 11.75 13
7400 9 10.0 11.0 11.75 13
7500 9 10.0 11.0 11.75 13
7600 9 10.0 11.0 11.75 13
7700 9 10.0 11.0 11.75 13
7800 9 10.25 11.0 11.75 13
7900 9 10.25 11.0 11.75 13
8000 9 10.25 11.0 11.75 13
8100 9 10.25 11.0 11.75 13
8200 10 10.25 11.0 11.75 13
8300 10 10.25 11.0 11.75 13
8400 9 10.25 11.0 11.75 13
8500 9 10.25 11.0 11.75 13
8600 9 10.25 11.0 11.75 12
8700 9 10.25 11.0 12.0 12
8800 9 10.25 11.0 12.0 12
8900 10 11.0 11.0 12.0 12
9000 10 11.0 11.0 12.0 13
9100 10 11.0 11.0 12.0 13
9200 10 11.0 11.0 12.0 13
9300 10 11.0 11.0 12.0 13
9400 10 11.0 11.0 12.0 12
9500 10 11.0 11.5 12.0 12
9600 10 11.0 11.5 12.0 12
9700 10 11.0 11.5 12.0 12
9800 10 11.0 11.0 11.75 12
9900 10 11.0 11.0 11.75 12
