0 17 18.0 18.0 18.75 21
100 17 18.0 18.0 18.0 21
200 17 18.0 18.0 18.75 21
300 17 18.0 18.0 18.0 21
400 17 18.0 18.5 19.0 21
500 17 18.0 18.0 18.75 22
600 17 18.0 18.0 18.75 22
700 17 18.0 18.0 18.75 23
800 17 18.0 18.5 20.5 23
900 17 18.0 18.5 20.5 22
1000 17 18.0 18.5 19.0 22
1100 18 18.25 19.0 19.75 22
1200 17 18.0 19.0 19.75 22
1300 18 18.25 19.0 19.75 22
1400 18 19.0 19.0 20.75 22
1500 18 19.25 20.0 20.75 22
1600 19 20.0 20.0 20.75 22
1700 18 19.25 20.0 20.0 22
1800 18 20.0 20.0 20.0 23
1900 18 19.25 20.0 20.75 23
2000 18 19.25 20.0 20.75 22
2100 19 19.25 20.0 21.75 22
2200 20 20.0 20.0 21.75 22
2300 19 20.0 20.0 21.0 22
2400 19 20.0 20.5 21.0 22
2500 19 20.0 20.5 21.0 22
2600 18 20.0 20.0 21.75 22
2700 18 20.0 20.0 21.75 22
2800 18 20.0 20.0 21.75 22
2900 18 20.0 20.5 21.75 22
3000 18 20.0 20.5 21.75 22
3100 19 20.0 20.5 21.75 22
3200 18 20.0 21.0 22.0 22
3300 19 20.0 21.5 22.0 22
3400 18 20.25 21.0 22.0 22
3500 19 21.0 21.0 22.0 22
3600 20 20.25 21.0 21.0 22
3700 19 20.25 21.0 21.0 22
3800 19 20.0 21.0 21.75 22
3900 19 20.25 21.0 21.75 22
4000 19 20.0 21.0 21.75 22
4100 19 20.0 21.0 21.75 22
4200 19 20.0 21.0 21.75 22
4300 20 20.0 21.0 21.75 22
4400 19 20.0 21.0 21.75 22
4500 19 20.0 21.0 21.75 22
4600 19 20.25 21.0 21.75 22
4700 19 20.0 21.0 22.0 22
4800 19 20.0 21.0 22.0 22
4900 19 20.0 21.0 22.0 22
5000 19 20.25 21.5 22.0 22
5100 19 20.25 21.5 22.0 22
5200 19 20.25 22.0 22.0 22
5300 19 20.25 21.5 22.0 22
5400 19 20.25 21.5 22.0 23
5500 19 20.25 21.5 22.0 23
5600 19 20.25 21.5 22.0 22
5700 19 20.25 21.0 22.0 22
5800 19 20.25 21.0 21.75 22
5900 19 20.25 21.0 21.75 23
6000 19 20.0 21.0 21.75 23
6100 19 20.0 21.0 21.75 23
6200 19 20.0 21.0 21.75 23
6300 20 20.0 21.0 21.75 23
6400 19 20.0 21.0 22.0 25
6500 19 20.25 21.0 21.75 23
6600 19 20.25 21.0 22.0 22
6700 19 20.25 21.5 22.0 22
6800 19 20.25 21.5 22.0 22
6900 19 20.25 21.0 22.0 23
7000 20 20.25 21.0 22.0 23
7100 19 20.25 21.0 22.0 23
7200 20 20.25 21.0 22.0 23
7300 19 20.25 21.0 21.75 23
7400 20 20.25 21.0 21.75 23
7500 19 21.0 21.0 21.75 22
7600 19 21.0 21.0 21.75 22
7700 20 21.0 21.0 22.0 22
7800 20 20.25 21.0 21.75 22
7900 20 20.25 21.0 21.75 22
8000 20 21.0 21.0 21.75 22
8100 20 21.0 21.0 21.75 22
8200 20 20.25 21.0 21.75 22
8300 20 20.25 21.0 21.75 22
8400 19 20.0 21.0 22.0 22
8500 19 20.0 21.5 22.0 22
8600 19 20.0 21.0 22.0 22
8700 19 20.25 21.0 22.0 22
8800 19 20.25 21.5 22.0 23
8900 19 20.25 21.0 22.0 22
9000 19 21.0 21.0 22.0 22
9100 19 21.0 21.0 22.0 22
9200 19 20.25 21.0 22.0 23
9300 19 20.25 21.5 22.0 23
9400 19 20.25 21.5 22.0 23
9500 20 20.25 21.5 22.0 23
9600 20 21.0 21.5 22.0 22
9700 19 21.0 21.5 22.0 22
9800 19 21.0 21.5 22.0 23
9900 19 21.0 22.0 22.0 23
